<?xml version="1.0" encoding="UTF-8"?>
<testsuites name="CDBFull_01" time="670.143" tests="1" failures="0" errors="0">
   <testsuite name="CDBFull_01" tests="1" failures="0" errors="0" time="670.143" timestamp="2020-03-10 16:43:57" hostname="as4011 - FID-LB214.g07.fujitsu.local" id="Test Suites/CDBTestSuite/ConcurrentCDBFull/CDBFull_01">
      <properties>
         <property name="deviceName" value=""/>
         <property name="devicePlatform" value=""/>
         <property name="logFolder" value="D:\\FUJITSU\\Document\\Automatization Test\\Katalon Test Script\\Concurrent Test Katalon\\Reports\\20200310_164348\\CDBTestSuite\\ConcurrentCDBFull\\CDBFull_01\\20200310_164348"/>
         <property name="logFiles" value="D:\\FUJITSU\\Document\\Automatization Test\\Katalon Test Script\\Concurrent Test Katalon\\Reports\\20200310_164348\\CDBTestSuite\\ConcurrentCDBFull\\CDBFull_01\\20200310_164348\\execution0.log"/>
         <property name="attachments" value="D:\\screenshot.png, D:\\screenshot.png, D:\\screenshot.png"/>
         <property name="hostName" value="as4011 - FID-LB214.g07.fujitsu.local"/>
         <property name="os" value="Windows 7 64bit"/>
         <property name="katalonVersion" value="7.2.1.1"/>
         <property name="browser" value="Chrome 80.0.3987.132"/>
         <property name="hostAddress" value="192.168.0.109"/>
         <property name="sessionId" value="f16e9b96e630769cb1e50617ac5630ab"/>
         <property name="seleniumVersion" value="3.141.59"/>
         <property name="proxyInformation" value="ProxyInformation{proxyOption=NO_PROXY, proxyServerType=HTTP, password=, proxyServerAddress=, proxyServerPort=0, executionList=}"/>
         <property name="platform" value="Windows 7"/>
      </properties>
      <testcase name="Test Cases/CDB/MainTestCase/FullScenarioCDBv2" time="667.854" classname="Test Cases/CDB/MainTestCase/FullScenarioCDBv2" status="PASSED">
         <system-out><![CDATA[2020-03-10 16:43:58 - [TEST_CASE][PASSED] - Test Cases/CDB/MainTestCase/FullScenarioCDBv2: Test Cases/CDB/MainTestCase/FullScenarioCDBv2

2020-03-10 16:44:00 - [TEST_STEP][PASSED] - callTestCase(findTestCase("EntryBooking/EntryBooking_All"), ["Maker":Maker, "Checker":Checker, "Approver":Approver, "CustomerType":CustomerType, "CustomerName":CustomerName, "PhoneNumber":PhoneNumber, ... ], STOP_ON_FAILURE): Call Test Case 'Test Cases/EntryBooking/EntryBooking_All' successfully

2020-03-10 16:44:01 - [TEST_CASE][PASSED] - Test Cases/EntryBooking/EntryBooking_All: Test Cases/EntryBooking/EntryBooking_All

2020-03-10 16:44:01 - [TEST_STEP][PASSED] - callTestCase(findTestCase("EntryBooking/EntryBooking_Maker"), ["CustomerType":CustomerType, "CustomerName":CustomerName, "PhoneNumber":PhoneNumber, "Address":Address, "SupplierName":SupplierName, ... ], STOP_ON_FAILURE): Call Test Case 'Test Cases/EntryBooking/EntryBooking_Maker' successfully

2020-03-10 16:44:01 - [TEST_CASE][PASSED] - Test Cases/EntryBooking/EntryBooking_Maker: Test Cases/EntryBooking/EntryBooking_Maker

2020-03-10 16:44:02 - [TEST_STEP][PASSED] - customKeywords.LoginHelper.DoLogin(Fintegrity, UserMaker, FinPass): Login Completed!

2020-03-10 16:44:03 - [MESSAGE][FAILED] - Unable to navigate to 'http://192.168.0.100:8080/Fintegrity' (Root cause: com.kms.katalon.core.exception.StepFailedException: Unable to navigate to 'http://192.168.0.100:8080/Fintegrity'
	at com.kms.katalon.core.webui.keyword.internal.WebUIKeywordMain.stepFailed(WebUIKeywordMain.groovy:64)
	at com.kms.katalon.core.webui.keyword.internal.WebUIKeywordMain.runKeyword(WebUIKeywordMain.groovy:26)
	at com.kms.katalon.core.webui.keyword.builtin.NavigateToUrlKeyword.navigateToUrl(NavigateToUrlKeyword.groovy:83)
	at com.kms.katalon.core.webui.keyword.builtin.NavigateToUrlKeyword.execute(NavigateToUrlKeyword.groovy:67)
	at com.kms.katalon.core.keyword.internal.KeywordExecutor.executeKeywordForPlatform(KeywordExecutor.groovy:72)
	at com.kms.katalon.core.webui.keyword.WebUiBuiltInKeywords.navigateToUrl(WebUiBuiltInKeywords.groovy:183)
	at com.kms.katalon.core.webui.keyword.WebUiBuiltInKeywords$navigateToUrl.call(Unknown Source)
	at customKeywords.LoginHelper.DoLogin(LoginHelper.groovy:39)
	at customKeywords.LoginHelper.invokeMethod(LoginHelper.groovy)
	at com.kms.katalon.core.main.CustomKeywordDelegatingMetaClass.invokeStaticMethod(CustomKeywordDelegatingMetaClass.java:50)
	at EntryBooking_Maker.run(EntryBooking_Maker:23)
	at com.kms.katalon.core.main.ScriptEngine.run(ScriptEngine.java:194)
	at com.kms.katalon.core.main.ScriptEngine.runScriptAsRawText(ScriptEngine.java:119)
	at com.kms.katalon.core.main.TestCaseExecutor.runScript(TestCaseExecutor.java:337)
	at com.kms.katalon.core.main.TestCaseExecutor.doExecute(TestCaseExecutor.java:328)
	at com.kms.katalon.core.main.TestCaseExecutor.processExecutionPhase(TestCaseExecutor.java:307)
	at com.kms.katalon.core.main.TestCaseExecutor.accessMainPhase(TestCaseExecutor.java:299)
	at com.kms.katalon.core.main.TestCaseExecutor.execute(TestCaseExecutor.java:233)
	at com.kms.katalon.core.main.TestCaseMain.runTestCase(TestCaseMain.java:114)
	at com.kms.katalon.core.keyword.builtin.CallTestCaseKeyword$_callTestCase_closure1.doCall(CallTestCaseKeyword.groovy:59)
	at com.kms.katalon.core.keyword.builtin.CallTestCaseKeyword$_callTestCase_closure1.call(CallTestCaseKeyword.groovy)
	at com.kms.katalon.core.keyword.internal.KeywordMain.runKeyword(KeywordMain.groovy:68)
	at com.kms.katalon.core.keyword.builtin.CallTestCaseKeyword.callTestCase(CallTestCaseKeyword.groovy:81)
	at com.kms.katalon.core.keyword.builtin.CallTestCaseKeyword.execute(CallTestCaseKeyword.groovy:44)
	at com.kms.katalon.core.keyword.internal.KeywordExecutor.executeKeywordForPlatform(KeywordExecutor.groovy:72)
	at com.kms.katalon.core.keyword.BuiltinKeywords.callTestCase(BuiltinKeywords.groovy:334)
	at EntryBooking_All.run(EntryBooking_All:24)
	at com.kms.katalon.core.main.ScriptEngine.run(ScriptEngine.java:194)
	at com.kms.katalon.core.main.ScriptEngine.runScriptAsRawText(ScriptEngine.java:119)
	at com.kms.katalon.core.main.TestCaseExecutor.runScript(TestCaseExecutor.java:337)
	at com.kms.katalon.core.main.TestCaseExecutor.doExecute(TestCaseExecutor.java:328)
	at com.kms.katalon.core.main.TestCaseExecutor.processExecutionPhase(TestCaseExecutor.java:307)
	at com.kms.katalon.core.main.TestCaseExecutor.accessMainPhase(TestCaseExecutor.java:299)
	at com.kms.katalon.core.main.TestCaseExecutor.execute(TestCaseExecutor.java:233)
	at com.kms.katalon.core.main.TestCaseMain.runTestCase(TestCaseMain.java:114)
	at com.kms.katalon.core.keyword.builtin.CallTestCaseKeyword$_callTestCase_closure1.doCall(CallTestCaseKeyword.groovy:59)
	at com.kms.katalon.core.keyword.builtin.CallTestCaseKeyword$_callTestCase_closure1.call(CallTestCaseKeyword.groovy)
	at com.kms.katalon.core.keyword.internal.KeywordMain.runKeyword(KeywordMain.groovy:68)
	at com.kms.katalon.core.keyword.builtin.CallTestCaseKeyword.callTestCase(CallTestCaseKeyword.groovy:81)
	at com.kms.katalon.core.keyword.builtin.CallTestCaseKeyword.execute(CallTestCaseKeyword.groovy:44)
	at com.kms.katalon.core.keyword.internal.KeywordExecutor.executeKeywordForPlatform(KeywordExecutor.groovy:72)
	at com.kms.katalon.core.keyword.BuiltinKeywords.callTestCase(BuiltinKeywords.groovy:334)
	at FullScenarioCDBv2.run(FullScenarioCDBv2:23)
	at com.kms.katalon.core.main.ScriptEngine.run(ScriptEngine.java:194)
	at com.kms.katalon.core.main.ScriptEngine.runScriptAsRawText(ScriptEngine.java:119)
	at com.kms.katalon.core.main.TestCaseExecutor.runScript(TestCaseExecutor.java:337)
	at com.kms.katalon.core.main.TestCaseExecutor.doExecute(TestCaseExecutor.java:328)
	at com.kms.katalon.core.main.TestCaseExecutor.processExecutionPhase(TestCaseExecutor.java:307)
	at com.kms.katalon.core.main.TestCaseExecutor.accessMainPhase(TestCaseExecutor.java:299)
	at com.kms.katalon.core.main.TestCaseExecutor.execute(TestCaseExecutor.java:233)
	at com.kms.katalon.core.main.TestSuiteExecutor.accessTestCaseMainPhase(TestSuiteExecutor.java:169)
	at com.kms.katalon.core.main.TestSuiteExecutor.accessTestSuiteMainPhase(TestSuiteExecutor.java:142)
	at com.kms.katalon.core.main.TestSuiteExecutor.execute(TestSuiteExecutor.java:91)
	at com.kms.katalon.core.main.TestCaseMain.startTestSuite(TestCaseMain.java:157)
	at com.kms.katalon.core.main.TestCaseMain$startTestSuite$0.call(Unknown Source)
	at TempTestSuite1583833428733.run(TempTestSuite1583833428733.groovy:36)
Caused by: com.kms.katalon.core.webui.exception.BrowserNotOpenedException: Browser is not opened
Build info: version: '3.141.59', revision: 'e82be7d358', time: '2018-11-14T08:25:53'
System info: host: 'FID-LB214', ip: '192.168.0.109', os.name: 'Windows 7', os.arch: 'amd64', os.version: '6.1', java.version: '1.8.0_181'
Driver info: driver.version: unknown
	at com.kms.katalon.core.webui.driver.DriverFactory.verifyWebDriverIsOpen(DriverFactory.java:816)
	at com.kms.katalon.core.webui.driver.DriverFactory.verifyWebDriver(DriverFactory.java:801)
	at com.kms.katalon.core.webui.driver.DriverFactory.getWebDriver(DriverFactory.java:787)
	at com.kms.katalon.core.webui.keyword.builtin.NavigateToUrlKeyword$_navigateToUrl_closure1.doCall(NavigateToUrlKeyword.groovy:80)
	at com.kms.katalon.core.webui.keyword.builtin.NavigateToUrlKeyword$_navigateToUrl_closure1.call(NavigateToUrlKeyword.groovy)
	at com.kms.katalon.core.webui.keyword.internal.WebUIKeywordMain.runKeyword(WebUIKeywordMain.groovy:20)
	at com.kms.katalon.core.webui.keyword.builtin.NavigateToUrlKeyword.navigateToUrl(NavigateToUrlKeyword.groovy:83)
	at com.kms.katalon.core.webui.keyword.builtin.NavigateToUrlKeyword.execute(NavigateToUrlKeyword.groovy:67)
	at com.kms.katalon.core.keyword.internal.KeywordExecutor.executeKeywordForPlatform(KeywordExecutor.groovy:72)
	at com.kms.katalon.core.webui.keyword.WebUiBuiltInKeywords.navigateToUrl(WebUiBuiltInKeywords.groovy:183)
	at com.kms.katalon.core.webui.keyword.WebUiBuiltInKeywords$navigateToUrl.call(Unknown Source)
	at customKeywords.LoginHelper.DoLogin(LoginHelper.groovy:39)
	at customKeywords.LoginHelper.invokeMethod(LoginHelper.groovy)
	at com.kms.katalon.core.main.CustomKeywordDelegatingMetaClass.invokeStaticMethod(CustomKeywordDelegatingMetaClass.java:50)
	at Script1530600905993.run(Script1530600905993.groovy:23)
	at com.kms.katalon.core.main.ScriptEngine.run(ScriptEngine.java:194)
	at com.kms.katalon.core.main.ScriptEngine.runScriptAsRawText(ScriptEngine.java:119)
	at com.kms.katalon.core.main.TestCaseExecutor.runScript(TestCaseExecutor.java:337)
	at com.kms.katalon.core.main.TestCaseExecutor.doExecute(TestCaseExecutor.java:328)
	at com.kms.katalon.core.main.TestCaseExecutor.processExecutionPhase(TestCaseExecutor.java:307)
	at com.kms.katalon.core.main.TestCaseExecutor.accessMainPhase(TestCaseExecutor.java:299)
	at com.kms.katalon.core.main.TestCaseExecutor.execute(TestCaseExecutor.java:233)
	at com.kms.katalon.core.main.TestCaseMain.runTestCase(TestCaseMain.java:114)
	at com.kms.katalon.core.keyword.builtin.CallTestCaseKeyword$_callTestCase_closure1.doCall(CallTestCaseKeyword.groovy:59)
	at com.kms.katalon.core.keyword.builtin.CallTestCaseKeyword$_callTestCase_closure1.call(CallTestCaseKeyword.groovy)
	at com.kms.katalon.core.keyword.internal.KeywordMain.runKeyword(KeywordMain.groovy:68)
	at com.kms.katalon.core.keyword.builtin.CallTestCaseKeyword.callTestCase(CallTestCaseKeyword.groovy:81)
	at com.kms.katalon.core.keyword.builtin.CallTestCaseKeyword.execute(CallTestCaseKeyword.groovy:44)
	at com.kms.katalon.core.keyword.internal.KeywordExecutor.executeKeywordForPlatform(KeywordExecutor.groovy:72)
	at com.kms.katalon.core.keyword.BuiltinKeywords.callTestCase(BuiltinKeywords.groovy:334)
	at Script1530676889060.run(Script1530676889060.groovy:24)
	at com.kms.katalon.core.main.ScriptEngine.run(ScriptEngine.java:194)
	at com.kms.katalon.core.main.ScriptEngine.runScriptAsRawText(ScriptEngine.java:119)
	at com.kms.katalon.core.main.TestCaseExecutor.runScript(TestCaseExecutor.java:337)
	at com.kms.katalon.core.main.TestCaseExecutor.doExecute(TestCaseExecutor.java:328)
	at com.kms.katalon.core.main.TestCaseExecutor.processExecutionPhase(TestCaseExecutor.java:307)
	at com.kms.katalon.core.main.TestCaseExecutor.accessMainPhase(TestCaseExecutor.java:299)
	at com.kms.katalon.core.main.TestCaseExecutor.execute(TestCaseExecutor.java:233)
	at com.kms.katalon.core.main.TestCaseMain.runTestCase(TestCaseMain.java:114)
	at com.kms.katalon.core.keyword.builtin.CallTestCaseKeyword$_callTestCase_closure1.doCall(CallTestCaseKeyword.groovy:59)
	at com.kms.katalon.core.keyword.builtin.CallTestCaseKeyword$_callTestCase_closure1.call(CallTestCaseKeyword.groovy)
	at com.kms.katalon.core.keyword.internal.KeywordMain.runKeyword(KeywordMain.groovy:68)
	at com.kms.katalon.core.keyword.builtin.CallTestCaseKeyword.callTestCase(CallTestCaseKeyword.groovy:81)
	at com.kms.katalon.core.keyword.builtin.CallTestCaseKeyword.execute(CallTestCaseKeyword.groovy:44)
	at com.kms.katalon.core.keyword.internal.KeywordExecutor.executeKeywordForPlatform(KeywordExecutor.groovy:72)
	at com.kms.katalon.core.keyword.BuiltinKeywords.callTestCase(BuiltinKeywords.groovy:334)
	at Script1571908017636.run(Script1571908017636.groovy:23)
	... 13 more
)

2020-03-10 16:44:04 - [MESSAGE][INFO] - Starting 'Chrome' driver

2020-03-10 16:44:04 - [MESSAGE][INFO] - Action delay is set to 0 seconds

2020-03-10 16:44:40 - [MESSAGE][PASSED] - Browser is opened with url: 'http://192.168.0.100:8080/Fintegrity'

2020-03-10 16:44:40 - [MESSAGE][INFO] - Browser is not opened, Login Have Been Re-Initiated

2020-03-10 16:44:40 - [MESSAGE][PASSED] - Wait for page load successfully

2020-03-10 16:44:43 - [MESSAGE][PASSED] - Delayed 3 second(s)

2020-03-10 16:44:45 - [MESSAGE][PASSED] - Current window maximized

2020-03-10 16:44:46 - [MESSAGE][PASSED] - Taking screenshot successfully
[[ATTACHMENT|D:\\screenshot.png]]

2020-03-10 16:44:46 - [MESSAGE][PASSED] - Object 'Object Repository/LoginLogout/Page_ Login/input_frmMainbtnLogin' is visible

2020-03-10 16:44:47 - [MESSAGE][PASSED] - Keys 'LUKMAN' sent to object: 'Object Repository/LoginLogout/Page_ Login/input_frmMainuserName'

2020-03-10 16:44:48 - [MESSAGE][PASSED] - Keys 'Mbf137??' sent to object: 'Object Repository/LoginLogout/Page_ Login/input_frmMainpassword'

2020-03-10 16:44:48 - [MESSAGE][PASSED] - Object: 'Object Repository/LoginLogout/Page_ Login/input_frmMainbtnLogin' is clicked on

2020-03-10 16:44:48 - [MESSAGE][PASSED] - Login Completed!

2020-03-10 16:44:48 - [TEST_STEP][PASSED] - waitForElementPresent(findTestObject("EntryBooking/Page Home Menu Footer/img"), wait_js_long_time): Object 'Object Repository/EntryBooking/Page Home Menu Footer/img' is present

2020-03-10 16:44:56 - [MESSAGE][PASSED] - Object 'Object Repository/EntryBooking/Page Home Menu Footer/img' is present

2020-03-10 16:44:56 - [TEST_STEP][PASSED] - customKeywords.CustomKeywordJS.clickUsingJS(findTestObject("EntryBooking/Page Home Menu Footer/span_Entry Booking"), wait_js_long_time): customKeywords.CustomKeywordJS.clickUsingJS is PASSED

2020-03-10 16:44:58 - [MESSAGE][PASSED] - customKeywords.CustomKeywordJS.clickUsingJS is PASSED

2020-03-10 16:44:58 - [TEST_STEP][PASSED] - delay(wait_short_time): Delayed 3 second(s)

2020-03-10 16:45:01 - [MESSAGE][PASSED] - Delayed 3 second(s)

2020-03-10 16:45:01 - [TEST_STEP][PASSED] - customKeywords.CustomKeywordJS.clickUsingJS(findTestObject("EntryBooking/Page EB_Maker/img"), wait_js_long_time): customKeywords.CustomKeywordJS.clickUsingJS is PASSED

2020-03-10 16:45:05 - [MESSAGE][PASSED] - customKeywords.CustomKeywordJS.clickUsingJS is PASSED

2020-03-10 16:45:05 - [TEST_STEP][PASSED] - delay(wait_short_time): Delayed 3 second(s)

2020-03-10 16:45:08 - [MESSAGE][PASSED] - Delayed 3 second(s)

2020-03-10 16:45:08 - [TEST_STEP][PASSED] - if (toString().equalsIgnoreCase("FINAL")): null

2020-03-10 16:45:08 - [TEST_STEP][PASSED] - if (toString().equalsIgnoreCase("C")): null

2020-03-10 16:45:08 - [TEST_STEP][PASSED] - setText(findTestObject("EntryBooking/Page EB_Maker/input_frmMainname"), CustomerName): Text 'ONG BAK' is set on object 'Object Repository/EntryBooking/Page EB_Maker/input_frmMainname'

2020-03-10 16:45:09 - [MESSAGE][PASSED] - Text 'ONG BAK' is set on object 'Object Repository/EntryBooking/Page EB_Maker/input_frmMainname'

2020-03-10 16:45:09 - [TEST_STEP][PASSED] - setText(findTestObject("EntryBooking/Page EB_Maker/input_frmMainphoneNo"), PhoneNumber): Text '89609430043' is set on object 'Object Repository/EntryBooking/Page EB_Maker/input_frmMainphoneNo'

2020-03-10 16:45:10 - [MESSAGE][PASSED] - Text '89609430043' is set on object 'Object Repository/EntryBooking/Page EB_Maker/input_frmMainphoneNo'

2020-03-10 16:45:10 - [TEST_STEP][PASSED] - setText(findTestObject("EntryBooking/Page EB_Maker/textarea_frmMainaddress"), Address): Text 'JAKARTA' is set on object 'Object Repository/EntryBooking/Page EB_Maker/textarea_frmMainaddress'

2020-03-10 16:45:11 - [MESSAGE][PASSED] - Text 'JAKARTA' is set on object 'Object Repository/EntryBooking/Page EB_Maker/textarea_frmMainaddress'

2020-03-10 16:45:11 - [TEST_STEP][PASSED] - setText(findTestObject("EntryBooking/Page EB_Maker/input_frmMainsupAssetFilter_su"), SupplierName): Text 'HONDA JAKARTA CENTER' is set on object 'Object Repository/EntryBooking/Page EB_Maker/input_frmMainsupAssetFilter_su'

2020-03-10 16:45:14 - [MESSAGE][PASSED] - Text 'HONDA JAKARTA CENTER' is set on object 'Object Repository/EntryBooking/Page EB_Maker/input_frmMainsupAssetFilter_su'

2020-03-10 16:45:14 - [TEST_STEP][PASSED] - delay(wait_short_time): Delayed 3 second(s)

2020-03-10 16:45:17 - [MESSAGE][PASSED] - Delayed 3 second(s)

2020-03-10 16:45:17 - [TEST_STEP][PASSED] - selectOptionByLabel(findTestObject("EntryBooking/Page EB_Maker/select_FORD JAKARTA SELATANFOR"), SupplierName, false): All options with label 'HONDA JAKARTA CENTER' are selected in object 'Object Repository/EntryBooking/Page EB_Maker/select_FORD JAKARTA SELATANFOR' 

2020-03-10 16:45:18 - [MESSAGE][PASSED] - All options with label 'HONDA JAKARTA CENTER' are selected in object 'Object Repository/EntryBooking/Page EB_Maker/select_FORD JAKARTA SELATANFOR' 

2020-03-10 16:45:18 - [TEST_STEP][PASSED] - delay(wait_short_time): Delayed 3 second(s)

2020-03-10 16:45:21 - [MESSAGE][PASSED] - Delayed 3 second(s)

2020-03-10 16:45:21 - [TEST_STEP][PASSED] - customKeywords.CustomKeywordJS.clickUsingJS(findTestObject("EntryBooking/Page EB_Maker/input_frmMainbtnAL_saveExec"), wait_js_long_time): customKeywords.CustomKeywordJS.clickUsingJS is PASSED

2020-03-10 16:45:22 - [MESSAGE][PASSED] - customKeywords.CustomKeywordJS.clickUsingJS is PASSED

2020-03-10 16:45:22 - [TEST_STEP][PASSED] - acceptAlert(): Alert accepted

2020-03-10 16:45:22 - [MESSAGE][PASSED] - Alert accepted

2020-03-10 16:45:22 - [TEST_STEP][PASSED] - waitForElementNotPresent(findTestObject("Object Repository/EntryBooking/Page EB_Maker/MaskLoadingScreen"), wait_long_time, OPTIONAL): Web element with id: 'Object Repository/EntryBooking/Page EB_Maker/MaskLoadingScreen' located by 'By.xpath: //*[@id="modalPanelDiv"]' is present after '10' second(s)

2020-03-10 16:45:33 - [MESSAGE][WARNING] - Web element with id: 'Object Repository/EntryBooking/Page EB_Maker/MaskLoadingScreen' located by 'By.xpath: //*[@id="modalPanelDiv"]' is present after '10' second(s)

2020-03-10 16:45:33 - [TEST_STEP][PASSED] - waitForElementClickable(findTestObject("EntryBooking/Page EB_Maker/input_frmMainbtnA_wfNextWithou"), wait_long_time, STOP_ON_FAILURE): Object 'Object Repository/EntryBooking/Page EB_Maker/input_frmMainbtnA_wfNextWithou' is clickable

2020-03-10 16:45:33 - [MESSAGE][PASSED] - Object 'Object Repository/EntryBooking/Page EB_Maker/input_frmMainbtnA_wfNextWithou' is clickable

2020-03-10 16:45:33 - [TEST_STEP][PASSED] - customKeywords.CustomKeywordJS.clickUsingJS(findTestObject("EntryBooking/Page EB_Maker/input_frmMainbtnA_wfNextWithou"), wait_js_long_time): customKeywords.CustomKeywordJS.clickUsingJS is PASSED

2020-03-10 16:45:34 - [MESSAGE][PASSED] - customKeywords.CustomKeywordJS.clickUsingJS is PASSED

2020-03-10 16:45:34 - [TEST_STEP][PASSED] - acceptAlert(): Alert accepted

2020-03-10 16:45:34 - [MESSAGE][PASSED] - Alert accepted

2020-03-10 16:45:34 - [TEST_STEP][PASSED] - delay(wait_long_time): Delayed 10 second(s)

2020-03-10 16:45:44 - [MESSAGE][PASSED] - Delayed 10 second(s)

2020-03-10 16:45:44 - [MESSAGE][PASSED] - Call Test Case 'Test Cases/EntryBooking/EntryBooking_Maker' successfully

2020-03-10 16:45:44 - [TEST_STEP][PASSED] - callTestCase(findTestCase("LoginLogout/Logout"), ["isOpenBrowser":true], STOP_ON_FAILURE): Call Test Case 'Test Cases/LoginLogout/Logout' successfully

2020-03-10 16:45:44 - [TEST_CASE][PASSED] - Test Cases/LoginLogout/Logout: Test Cases/LoginLogout/Logout

2020-03-10 16:45:45 - [TEST_STEP][PASSED] - waitForPageLoad(wait_long_time): Wait for page load successfully

2020-03-10 16:45:45 - [MESSAGE][PASSED] - Wait for page load successfully

2020-03-10 16:45:45 - [TEST_STEP][PASSED] - delay(wait_short_time): Delayed 3 second(s)

2020-03-10 16:45:48 - [MESSAGE][PASSED] - Delayed 3 second(s)

2020-03-10 16:45:48 - [TEST_STEP][PASSED] - waitForElementVisible(findTestObject("LoginLogout/Page_ Logout/a_Logout"), wait_js_long_time): Object 'Object Repository/LoginLogout/Page_ Logout/a_Logout' is visible

2020-03-10 16:45:48 - [MESSAGE][PASSED] - Object 'Object Repository/LoginLogout/Page_ Logout/a_Logout' is visible

2020-03-10 16:45:48 - [TEST_STEP][PASSED] - customKeywords.CustomKeywordJS.clickUsingJS(findTestObject("LoginLogout/Page_ Logout/a_Logout"), wait_js_long_time): customKeywords.CustomKeywordJS.clickUsingJS is PASSED

2020-03-10 16:45:49 - [MESSAGE][PASSED] - customKeywords.CustomKeywordJS.clickUsingJS is PASSED

2020-03-10 16:45:49 - [MESSAGE][PASSED] - Call Test Case 'Test Cases/LoginLogout/Logout' successfully

2020-03-10 16:45:49 - [TEST_STEP][PASSED] - callTestCase(findTestCase("LoginLogout/Login_Enhanced"), ["UserName":Checker], STOP_ON_FAILURE): Call Test Case 'Test Cases/LoginLogout/Login_Enhanced' successfully

2020-03-10 16:45:49 - [TEST_CASE][PASSED] - Test Cases/LoginLogout/Login_Enhanced: Test Cases/LoginLogout/Login_Enhanced

2020-03-10 16:45:49 - [TEST_STEP][PASSED] - customKeywords.LoginHelper.DoLogin(Fintegrity, UserName, FinPass): Login Completed!

2020-03-10 16:45:50 - [MESSAGE][PASSED] - Navigate to 'http://192.168.0.100:8080/Fintegrity' successfully

2020-03-10 16:45:50 - [MESSAGE][INFO] - Login Have Been Initiated

2020-03-10 16:45:50 - [MESSAGE][PASSED] - Wait for page load successfully

2020-03-10 16:45:53 - [MESSAGE][PASSED] - Delayed 3 second(s)

2020-03-10 16:45:53 - [MESSAGE][PASSED] - Current window maximized

2020-03-10 16:45:53 - [MESSAGE][PASSED] - Taking screenshot successfully
[[ATTACHMENT|D:\\screenshot.png]]

2020-03-10 16:45:54 - [MESSAGE][PASSED] - Object 'Object Repository/LoginLogout/Page_ Login/input_frmMainbtnLogin' is visible

2020-03-10 16:45:54 - [MESSAGE][PASSED] - Keys 'CHAIRUL' sent to object: 'Object Repository/LoginLogout/Page_ Login/input_frmMainuserName'

2020-03-10 16:45:55 - [MESSAGE][PASSED] - Keys 'Mbf137??' sent to object: 'Object Repository/LoginLogout/Page_ Login/input_frmMainpassword'

2020-03-10 16:45:55 - [MESSAGE][PASSED] - Object: 'Object Repository/LoginLogout/Page_ Login/input_frmMainbtnLogin' is clicked on

2020-03-10 16:45:55 - [MESSAGE][PASSED] - Login Completed!

2020-03-10 16:45:55 - [MESSAGE][PASSED] - Call Test Case 'Test Cases/LoginLogout/Login_Enhanced' successfully

2020-03-10 16:45:55 - [TEST_STEP][PASSED] - callTestCase(findTestCase("EntryBooking/EntryBooking_Checker"), ["CustomerName":CustomerName], STOP_ON_FAILURE): Call Test Case 'Test Cases/EntryBooking/EntryBooking_Checker' successfully

2020-03-10 16:45:55 - [TEST_CASE][PASSED] - Test Cases/EntryBooking/EntryBooking_Checker: Test Cases/EntryBooking/EntryBooking_Checker

2020-03-10 16:45:56 - [TEST_STEP][PASSED] - callTestCase(findTestCase("EntryBooking/HomeTask/EntryBookingHomeTask"), ["CustomerName":CustomerName], STOP_ON_FAILURE): Call Test Case 'Test Cases/EntryBooking/HomeTask/EntryBookingHomeTask' successfully

2020-03-10 16:45:56 - [TEST_CASE][PASSED] - Test Cases/EntryBooking/HomeTask/EntryBookingHomeTask: Test Cases/EntryBooking/HomeTask/EntryBookingHomeTask

2020-03-10 16:45:57 - [TEST_STEP][PASSED] - waitForElementPresent(findTestObject("EntryBooking/Page EB_Checker/Page Panel Task_EB/panel_task_entry_booking"), wait_js_long_time): Object 'Object Repository/EntryBooking/Page EB_Checker/Page Panel Task_EB/panel_task_entry_booking' is present

2020-03-10 16:46:11 - [MESSAGE][PASSED] - Object 'Object Repository/EntryBooking/Page EB_Checker/Page Panel Task_EB/panel_task_entry_booking' is present

2020-03-10 16:46:11 - [TEST_STEP][PASSED] - delay(wait_medium_time): Delayed 5 second(s)

2020-03-10 16:46:16 - [MESSAGE][PASSED] - Delayed 5 second(s)

2020-03-10 16:46:16 - [TEST_STEP][PASSED] - if (verifyElementNotPresent(findTestObject("Object Repository/EntryBooking/Page EB_Checker/Page Panel Task_EB/table_task"), wait_short_time, OPTIONAL)): Web element with id: 'Object Repository/EntryBooking/Page EB_Checker/Page Panel Task_EB/table_task' located by 'By.xpath: //*[@id="frmMain:dtEBTask:tb"]' is present after '3' second(s) (Root cause: com.kms.katalon.core.exception.StepFailedException: Web element with id: 'Object Repository/EntryBooking/Page EB_Checker/Page Panel Task_EB/table_task' located by 'By.xpath: //*[@id="frmMain:dtEBTask:tb"]' is present after '3' second(s)
	at com.kms.katalon.core.webui.keyword.internal.WebUIKeywordMain.stepFailed(WebUIKeywordMain.groovy:64)
	at com.kms.katalon.core.webui.keyword.internal.WebUIKeywordMain$stepFailed$0.call(Unknown Source)
	at com.kms.katalon.core.webui.keyword.builtin.VerifyElementNotPresentKeyword$_verifyElementNotPresent_closure1.doCall(VerifyElementNotPresentKeyword.groovy:106)
	at com.kms.katalon.core.webui.keyword.builtin.VerifyElementNotPresentKeyword$_verifyElementNotPresent_closure1.doCall(VerifyElementNotPresentKeyword.groovy)
	at com.kms.katalon.core.webui.keyword.internal.WebUIKeywordMain.runKeyword(WebUIKeywordMain.groovy:20)
	at com.kms.katalon.core.webui.keyword.internal.WebUIKeywordMain$runKeyword.call(Unknown Source)
	at com.kms.katalon.core.webui.keyword.builtin.VerifyElementNotPresentKeyword.verifyElementNotPresent(VerifyElementNotPresentKeyword.groovy:117)
	at com.kms.katalon.core.webui.keyword.builtin.VerifyElementNotPresentKeyword.execute(VerifyElementNotPresentKeyword.groovy:68)
	at com.kms.katalon.core.keyword.internal.KeywordExecutor.executeKeywordForPlatform(KeywordExecutor.groovy:72)
	at com.kms.katalon.core.webui.keyword.WebUiBuiltInKeywords.verifyElementNotPresent(WebUiBuiltInKeywords.groovy:1451)
	at com.kms.katalon.core.webui.keyword.WebUiBuiltInKeywords$verifyElementNotPresent$15.call(Unknown Source)
	at EntryBookingHomeTask.run(EntryBookingHomeTask:48)
	at com.kms.katalon.core.main.ScriptEngine.run(ScriptEngine.java:194)
	at com.kms.katalon.core.main.ScriptEngine.runScriptAsRawText(ScriptEngine.java:119)
	at com.kms.katalon.core.main.TestCaseExecutor.runScript(TestCaseExecutor.java:337)
	at com.kms.katalon.core.main.TestCaseExecutor.doExecute(TestCaseExecutor.java:328)
	at com.kms.katalon.core.main.TestCaseExecutor.processExecutionPhase(TestCaseExecutor.java:307)
	at com.kms.katalon.core.main.TestCaseExecutor.accessMainPhase(TestCaseExecutor.java:299)
	at com.kms.katalon.core.main.TestCaseExecutor.execute(TestCaseExecutor.java:233)
	at com.kms.katalon.core.main.TestCaseMain.runTestCase(TestCaseMain.java:114)
	at com.kms.katalon.core.keyword.builtin.CallTestCaseKeyword$_callTestCase_closure1.doCall(CallTestCaseKeyword.groovy:59)
	at com.kms.katalon.core.keyword.builtin.CallTestCaseKeyword$_callTestCase_closure1.call(CallTestCaseKeyword.groovy)
	at com.kms.katalon.core.keyword.internal.KeywordMain.runKeyword(KeywordMain.groovy:68)
	at com.kms.katalon.core.keyword.builtin.CallTestCaseKeyword.callTestCase(CallTestCaseKeyword.groovy:81)
	at com.kms.katalon.core.keyword.builtin.CallTestCaseKeyword.execute(CallTestCaseKeyword.groovy:44)
	at com.kms.katalon.core.keyword.internal.KeywordExecutor.executeKeywordForPlatform(KeywordExecutor.groovy:72)
	at com.kms.katalon.core.keyword.BuiltinKeywords.callTestCase(BuiltinKeywords.groovy:334)
	at EntryBooking_Checker.run(EntryBooking_Checker:28)
	at com.kms.katalon.core.main.ScriptEngine.run(ScriptEngine.java:194)
	at com.kms.katalon.core.main.ScriptEngine.runScriptAsRawText(ScriptEngine.java:119)
	at com.kms.katalon.core.main.TestCaseExecutor.runScript(TestCaseExecutor.java:337)
	at com.kms.katalon.core.main.TestCaseExecutor.doExecute(TestCaseExecutor.java:328)
	at com.kms.katalon.core.main.TestCaseExecutor.processExecutionPhase(TestCaseExecutor.java:307)
	at com.kms.katalon.core.main.TestCaseExecutor.accessMainPhase(TestCaseExecutor.java:299)
	at com.kms.katalon.core.main.TestCaseExecutor.execute(TestCaseExecutor.java:233)
	at com.kms.katalon.core.main.TestCaseMain.runTestCase(TestCaseMain.java:114)
	at com.kms.katalon.core.keyword.builtin.CallTestCaseKeyword$_callTestCase_closure1.doCall(CallTestCaseKeyword.groovy:59)
	at com.kms.katalon.core.keyword.builtin.CallTestCaseKeyword$_callTestCase_closure1.call(CallTestCaseKeyword.groovy)
	at com.kms.katalon.core.keyword.internal.KeywordMain.runKeyword(KeywordMain.groovy:68)
	at com.kms.katalon.core.keyword.builtin.CallTestCaseKeyword.callTestCase(CallTestCaseKeyword.groovy:81)
	at com.kms.katalon.core.keyword.builtin.CallTestCaseKeyword.execute(CallTestCaseKeyword.groovy:44)
	at com.kms.katalon.core.keyword.internal.KeywordExecutor.executeKeywordForPlatform(KeywordExecutor.groovy:72)
	at com.kms.katalon.core.keyword.BuiltinKeywords.callTestCase(BuiltinKeywords.groovy:334)
	at EntryBooking_All.run(EntryBooking_All:33)
	at com.kms.katalon.core.main.ScriptEngine.run(ScriptEngine.java:194)
	at com.kms.katalon.core.main.ScriptEngine.runScriptAsRawText(ScriptEngine.java:119)
	at com.kms.katalon.core.main.TestCaseExecutor.runScript(TestCaseExecutor.java:337)
	at com.kms.katalon.core.main.TestCaseExecutor.doExecute(TestCaseExecutor.java:328)
	at com.kms.katalon.core.main.TestCaseExecutor.processExecutionPhase(TestCaseExecutor.java:307)
	at com.kms.katalon.core.main.TestCaseExecutor.accessMainPhase(TestCaseExecutor.java:299)
	at com.kms.katalon.core.main.TestCaseExecutor.execute(TestCaseExecutor.java:233)
	at com.kms.katalon.core.main.TestCaseMain.runTestCase(TestCaseMain.java:114)
	at com.kms.katalon.core.keyword.builtin.CallTestCaseKeyword$_callTestCase_closure1.doCall(CallTestCaseKeyword.groovy:59)
	at com.kms.katalon.core.keyword.builtin.CallTestCaseKeyword$_callTestCase_closure1.call(CallTestCaseKeyword.groovy)
	at com.kms.katalon.core.keyword.internal.KeywordMain.runKeyword(KeywordMain.groovy:68)
	at com.kms.katalon.core.keyword.builtin.CallTestCaseKeyword.callTestCase(CallTestCaseKeyword.groovy:81)
	at com.kms.katalon.core.keyword.builtin.CallTestCaseKeyword.execute(CallTestCaseKeyword.groovy:44)
	at com.kms.katalon.core.keyword.internal.KeywordExecutor.executeKeywordForPlatform(KeywordExecutor.groovy:72)
	at com.kms.katalon.core.keyword.BuiltinKeywords.callTestCase(BuiltinKeywords.groovy:334)
	at FullScenarioCDBv2.run(FullScenarioCDBv2:23)
	at com.kms.katalon.core.main.ScriptEngine.run(ScriptEngine.java:194)
	at com.kms.katalon.core.main.ScriptEngine.runScriptAsRawText(ScriptEngine.java:119)
	at com.kms.katalon.core.main.TestCaseExecutor.runScript(TestCaseExecutor.java:337)
	at com.kms.katalon.core.main.TestCaseExecutor.doExecute(TestCaseExecutor.java:328)
	at com.kms.katalon.core.main.TestCaseExecutor.processExecutionPhase(TestCaseExecutor.java:307)
	at com.kms.katalon.core.main.TestCaseExecutor.accessMainPhase(TestCaseExecutor.java:299)
	at com.kms.katalon.core.main.TestCaseExecutor.execute(TestCaseExecutor.java:233)
	at com.kms.katalon.core.main.TestSuiteExecutor.accessTestCaseMainPhase(TestSuiteExecutor.java:169)
	at com.kms.katalon.core.main.TestSuiteExecutor.accessTestSuiteMainPhase(TestSuiteExecutor.java:142)
	at com.kms.katalon.core.main.TestSuiteExecutor.execute(TestSuiteExecutor.java:91)
	at com.kms.katalon.core.main.TestCaseMain.startTestSuite(TestCaseMain.java:157)
	at com.kms.katalon.core.main.TestCaseMain$startTestSuite$0.call(Unknown Source)
	at TempTestSuite1583833428733.run(TempTestSuite1583833428733.groovy:36)
)

2020-03-10 16:46:19 - [MESSAGE][WARNING] - Web element with id: 'Object Repository/EntryBooking/Page EB_Checker/Page Panel Task_EB/table_task' located by 'By.xpath: //*[@id="frmMain:dtEBTask:tb"]' is present after '3' second(s) (Root cause: com.kms.katalon.core.exception.StepFailedException: Web element with id: 'Object Repository/EntryBooking/Page EB_Checker/Page Panel Task_EB/table_task' located by 'By.xpath: //*[@id="frmMain:dtEBTask:tb"]' is present after '3' second(s)
	at com.kms.katalon.core.webui.keyword.internal.WebUIKeywordMain.stepFailed(WebUIKeywordMain.groovy:64)
	at com.kms.katalon.core.webui.keyword.internal.WebUIKeywordMain$stepFailed$0.call(Unknown Source)
	at com.kms.katalon.core.webui.keyword.builtin.VerifyElementNotPresentKeyword$_verifyElementNotPresent_closure1.doCall(VerifyElementNotPresentKeyword.groovy:106)
	at com.kms.katalon.core.webui.keyword.builtin.VerifyElementNotPresentKeyword$_verifyElementNotPresent_closure1.doCall(VerifyElementNotPresentKeyword.groovy)
	at com.kms.katalon.core.webui.keyword.internal.WebUIKeywordMain.runKeyword(WebUIKeywordMain.groovy:20)
	at com.kms.katalon.core.webui.keyword.internal.WebUIKeywordMain$runKeyword.call(Unknown Source)
	at com.kms.katalon.core.webui.keyword.builtin.VerifyElementNotPresentKeyword.verifyElementNotPresent(VerifyElementNotPresentKeyword.groovy:117)
	at com.kms.katalon.core.webui.keyword.builtin.VerifyElementNotPresentKeyword.execute(VerifyElementNotPresentKeyword.groovy:68)
	at com.kms.katalon.core.keyword.internal.KeywordExecutor.executeKeywordForPlatform(KeywordExecutor.groovy:72)
	at com.kms.katalon.core.webui.keyword.WebUiBuiltInKeywords.verifyElementNotPresent(WebUiBuiltInKeywords.groovy:1451)
	at com.kms.katalon.core.webui.keyword.WebUiBuiltInKeywords$verifyElementNotPresent$15.call(Unknown Source)
	at EntryBookingHomeTask.run(EntryBookingHomeTask:48)
	at com.kms.katalon.core.main.ScriptEngine.run(ScriptEngine.java:194)
	at com.kms.katalon.core.main.ScriptEngine.runScriptAsRawText(ScriptEngine.java:119)
	at com.kms.katalon.core.main.TestCaseExecutor.runScript(TestCaseExecutor.java:337)
	at com.kms.katalon.core.main.TestCaseExecutor.doExecute(TestCaseExecutor.java:328)
	at com.kms.katalon.core.main.TestCaseExecutor.processExecutionPhase(TestCaseExecutor.java:307)
	at com.kms.katalon.core.main.TestCaseExecutor.accessMainPhase(TestCaseExecutor.java:299)
	at com.kms.katalon.core.main.TestCaseExecutor.execute(TestCaseExecutor.java:233)
	at com.kms.katalon.core.main.TestCaseMain.runTestCase(TestCaseMain.java:114)
	at com.kms.katalon.core.keyword.builtin.CallTestCaseKeyword$_callTestCase_closure1.doCall(CallTestCaseKeyword.groovy:59)
	at com.kms.katalon.core.keyword.builtin.CallTestCaseKeyword$_callTestCase_closure1.call(CallTestCaseKeyword.groovy)
	at com.kms.katalon.core.keyword.internal.KeywordMain.runKeyword(KeywordMain.groovy:68)
	at com.kms.katalon.core.keyword.builtin.CallTestCaseKeyword.callTestCase(CallTestCaseKeyword.groovy:81)
	at com.kms.katalon.core.keyword.builtin.CallTestCaseKeyword.execute(CallTestCaseKeyword.groovy:44)
	at com.kms.katalon.core.keyword.internal.KeywordExecutor.executeKeywordForPlatform(KeywordExecutor.groovy:72)
	at com.kms.katalon.core.keyword.BuiltinKeywords.callTestCase(BuiltinKeywords.groovy:334)
	at EntryBooking_Checker.run(EntryBooking_Checker:28)
	at com.kms.katalon.core.main.ScriptEngine.run(ScriptEngine.java:194)
	at com.kms.katalon.core.main.ScriptEngine.runScriptAsRawText(ScriptEngine.java:119)
	at com.kms.katalon.core.main.TestCaseExecutor.runScript(TestCaseExecutor.java:337)
	at com.kms.katalon.core.main.TestCaseExecutor.doExecute(TestCaseExecutor.java:328)
	at com.kms.katalon.core.main.TestCaseExecutor.processExecutionPhase(TestCaseExecutor.java:307)
	at com.kms.katalon.core.main.TestCaseExecutor.accessMainPhase(TestCaseExecutor.java:299)
	at com.kms.katalon.core.main.TestCaseExecutor.execute(TestCaseExecutor.java:233)
	at com.kms.katalon.core.main.TestCaseMain.runTestCase(TestCaseMain.java:114)
	at com.kms.katalon.core.keyword.builtin.CallTestCaseKeyword$_callTestCase_closure1.doCall(CallTestCaseKeyword.groovy:59)
	at com.kms.katalon.core.keyword.builtin.CallTestCaseKeyword$_callTestCase_closure1.call(CallTestCaseKeyword.groovy)
	at com.kms.katalon.core.keyword.internal.KeywordMain.runKeyword(KeywordMain.groovy:68)
	at com.kms.katalon.core.keyword.builtin.CallTestCaseKeyword.callTestCase(CallTestCaseKeyword.groovy:81)
	at com.kms.katalon.core.keyword.builtin.CallTestCaseKeyword.execute(CallTestCaseKeyword.groovy:44)
	at com.kms.katalon.core.keyword.internal.KeywordExecutor.executeKeywordForPlatform(KeywordExecutor.groovy:72)
	at com.kms.katalon.core.keyword.BuiltinKeywords.callTestCase(BuiltinKeywords.groovy:334)
	at EntryBooking_All.run(EntryBooking_All:33)
	at com.kms.katalon.core.main.ScriptEngine.run(ScriptEngine.java:194)
	at com.kms.katalon.core.main.ScriptEngine.runScriptAsRawText(ScriptEngine.java:119)
	at com.kms.katalon.core.main.TestCaseExecutor.runScript(TestCaseExecutor.java:337)
	at com.kms.katalon.core.main.TestCaseExecutor.doExecute(TestCaseExecutor.java:328)
	at com.kms.katalon.core.main.TestCaseExecutor.processExecutionPhase(TestCaseExecutor.java:307)
	at com.kms.katalon.core.main.TestCaseExecutor.accessMainPhase(TestCaseExecutor.java:299)
	at com.kms.katalon.core.main.TestCaseExecutor.execute(TestCaseExecutor.java:233)
	at com.kms.katalon.core.main.TestCaseMain.runTestCase(TestCaseMain.java:114)
	at com.kms.katalon.core.keyword.builtin.CallTestCaseKeyword$_callTestCase_closure1.doCall(CallTestCaseKeyword.groovy:59)
	at com.kms.katalon.core.keyword.builtin.CallTestCaseKeyword$_callTestCase_closure1.call(CallTestCaseKeyword.groovy)
	at com.kms.katalon.core.keyword.internal.KeywordMain.runKeyword(KeywordMain.groovy:68)
	at com.kms.katalon.core.keyword.builtin.CallTestCaseKeyword.callTestCase(CallTestCaseKeyword.groovy:81)
	at com.kms.katalon.core.keyword.builtin.CallTestCaseKeyword.execute(CallTestCaseKeyword.groovy:44)
	at com.kms.katalon.core.keyword.internal.KeywordExecutor.executeKeywordForPlatform(KeywordExecutor.groovy:72)
	at com.kms.katalon.core.keyword.BuiltinKeywords.callTestCase(BuiltinKeywords.groovy:334)
	at FullScenarioCDBv2.run(FullScenarioCDBv2:23)
	at com.kms.katalon.core.main.ScriptEngine.run(ScriptEngine.java:194)
	at com.kms.katalon.core.main.ScriptEngine.runScriptAsRawText(ScriptEngine.java:119)
	at com.kms.katalon.core.main.TestCaseExecutor.runScript(TestCaseExecutor.java:337)
	at com.kms.katalon.core.main.TestCaseExecutor.doExecute(TestCaseExecutor.java:328)
	at com.kms.katalon.core.main.TestCaseExecutor.processExecutionPhase(TestCaseExecutor.java:307)
	at com.kms.katalon.core.main.TestCaseExecutor.accessMainPhase(TestCaseExecutor.java:299)
	at com.kms.katalon.core.main.TestCaseExecutor.execute(TestCaseExecutor.java:233)
	at com.kms.katalon.core.main.TestSuiteExecutor.accessTestCaseMainPhase(TestSuiteExecutor.java:169)
	at com.kms.katalon.core.main.TestSuiteExecutor.accessTestSuiteMainPhase(TestSuiteExecutor.java:142)
	at com.kms.katalon.core.main.TestSuiteExecutor.execute(TestSuiteExecutor.java:91)
	at com.kms.katalon.core.main.TestCaseMain.startTestSuite(TestCaseMain.java:157)
	at com.kms.katalon.core.main.TestCaseMain$startTestSuite$0.call(Unknown Source)
	at TempTestSuite1583833428733.run(TempTestSuite1583833428733.groovy:36)
)

2020-03-10 16:46:19 - [TEST_STEP][PASSED] - delay(wait_medium_time): Delayed 5 second(s)

2020-03-10 16:46:24 - [MESSAGE][PASSED] - Delayed 5 second(s)

2020-03-10 16:46:24 - [TEST_STEP][PASSED] - if (verifyElementPresent(findTestObject("EntryBooking/Page EB_Checker/Page Panel Task_EB/last_page_table"), wait_short_time, OPTIONAL)): com.kms.katalon.core.webui.exception.WebElementNotFoundException: Web element with id: 'Object Repository/EntryBooking/Page EB_Checker/Page Panel Task_EB/last_page_table' located by 'By.xpath: //td[@onclick = concat('Event.fire(this, ' , "'" , 'rich:datascroller:onscroll' , "'" , ', {' , "'" , 'page' , "'" , ': ' , "'" , 'last' , "'" , '});') and (text() = '»»' or . = '»»')]' not found (Root cause: com.kms.katalon.core.exception.StepFailedException: com.kms.katalon.core.webui.exception.WebElementNotFoundException: Web element with id: 'Object Repository/EntryBooking/Page EB_Checker/Page Panel Task_EB/last_page_table' located by 'By.xpath: //td[@onclick = concat('Event.fire(this, ' , "'" , 'rich:datascroller:onscroll' , "'" , ', {' , "'" , 'page' , "'" , ': ' , "'" , 'last' , "'" , '});') and (text() = '»»' or . = '»»')]' not found
	at com.kms.katalon.core.webui.keyword.internal.WebUIKeywordMain.stepFailed(WebUIKeywordMain.groovy:64)
	at com.kms.katalon.core.webui.keyword.builtin.VerifyElementPresentKeyword$_verifyElementPresent_closure1.doCall(VerifyElementPresentKeyword.groovy:85)
	at com.kms.katalon.core.webui.keyword.builtin.VerifyElementPresentKeyword$_verifyElementPresent_closure1.call(VerifyElementPresentKeyword.groovy)
	at com.kms.katalon.core.webui.keyword.internal.WebUIKeywordMain.runKeyword(WebUIKeywordMain.groovy:20)
	at com.kms.katalon.core.webui.keyword.builtin.VerifyElementPresentKeyword.verifyElementPresent(VerifyElementPresentKeyword.groovy:92)
	at com.kms.katalon.core.webui.keyword.builtin.VerifyElementPresentKeyword.execute(VerifyElementPresentKeyword.groovy:68)
	at com.kms.katalon.core.keyword.internal.KeywordExecutor.executeKeywordForPlatform(KeywordExecutor.groovy:72)
	at com.kms.katalon.core.webui.keyword.WebUiBuiltInKeywords.verifyElementPresent(WebUiBuiltInKeywords.groovy:1418)
	at com.kms.katalon.core.webui.keyword.WebUiBuiltInKeywords$verifyElementPresent$16.call(Unknown Source)
	at EntryBookingHomeTask.run(EntryBookingHomeTask:84)
	at com.kms.katalon.core.main.ScriptEngine.run(ScriptEngine.java:194)
	at com.kms.katalon.core.main.ScriptEngine.runScriptAsRawText(ScriptEngine.java:119)
	at com.kms.katalon.core.main.TestCaseExecutor.runScript(TestCaseExecutor.java:337)
	at com.kms.katalon.core.main.TestCaseExecutor.doExecute(TestCaseExecutor.java:328)
	at com.kms.katalon.core.main.TestCaseExecutor.processExecutionPhase(TestCaseExecutor.java:307)
	at com.kms.katalon.core.main.TestCaseExecutor.accessMainPhase(TestCaseExecutor.java:299)
	at com.kms.katalon.core.main.TestCaseExecutor.execute(TestCaseExecutor.java:233)
	at com.kms.katalon.core.main.TestCaseMain.runTestCase(TestCaseMain.java:114)
	at com.kms.katalon.core.keyword.builtin.CallTestCaseKeyword$_callTestCase_closure1.doCall(CallTestCaseKeyword.groovy:59)
	at com.kms.katalon.core.keyword.builtin.CallTestCaseKeyword$_callTestCase_closure1.call(CallTestCaseKeyword.groovy)
	at com.kms.katalon.core.keyword.internal.KeywordMain.runKeyword(KeywordMain.groovy:68)
	at com.kms.katalon.core.keyword.builtin.CallTestCaseKeyword.callTestCase(CallTestCaseKeyword.groovy:81)
	at com.kms.katalon.core.keyword.builtin.CallTestCaseKeyword.execute(CallTestCaseKeyword.groovy:44)
	at com.kms.katalon.core.keyword.internal.KeywordExecutor.executeKeywordForPlatform(KeywordExecutor.groovy:72)
	at com.kms.katalon.core.keyword.BuiltinKeywords.callTestCase(BuiltinKeywords.groovy:334)
	at EntryBooking_Checker.run(EntryBooking_Checker:28)
	at com.kms.katalon.core.main.ScriptEngine.run(ScriptEngine.java:194)
	at com.kms.katalon.core.main.ScriptEngine.runScriptAsRawText(ScriptEngine.java:119)
	at com.kms.katalon.core.main.TestCaseExecutor.runScript(TestCaseExecutor.java:337)
	at com.kms.katalon.core.main.TestCaseExecutor.doExecute(TestCaseExecutor.java:328)
	at com.kms.katalon.core.main.TestCaseExecutor.processExecutionPhase(TestCaseExecutor.java:307)
	at com.kms.katalon.core.main.TestCaseExecutor.accessMainPhase(TestCaseExecutor.java:299)
	at com.kms.katalon.core.main.TestCaseExecutor.execute(TestCaseExecutor.java:233)
	at com.kms.katalon.core.main.TestCaseMain.runTestCase(TestCaseMain.java:114)
	at com.kms.katalon.core.keyword.builtin.CallTestCaseKeyword$_callTestCase_closure1.doCall(CallTestCaseKeyword.groovy:59)
	at com.kms.katalon.core.keyword.builtin.CallTestCaseKeyword$_callTestCase_closure1.call(CallTestCaseKeyword.groovy)
	at com.kms.katalon.core.keyword.internal.KeywordMain.runKeyword(KeywordMain.groovy:68)
	at com.kms.katalon.core.keyword.builtin.CallTestCaseKeyword.callTestCase(CallTestCaseKeyword.groovy:81)
	at com.kms.katalon.core.keyword.builtin.CallTestCaseKeyword.execute(CallTestCaseKeyword.groovy:44)
	at com.kms.katalon.core.keyword.internal.KeywordExecutor.executeKeywordForPlatform(KeywordExecutor.groovy:72)
	at com.kms.katalon.core.keyword.BuiltinKeywords.callTestCase(BuiltinKeywords.groovy:334)
	at EntryBooking_All.run(EntryBooking_All:33)
	at com.kms.katalon.core.main.ScriptEngine.run(ScriptEngine.java:194)
	at com.kms.katalon.core.main.ScriptEngine.runScriptAsRawText(ScriptEngine.java:119)
	at com.kms.katalon.core.main.TestCaseExecutor.runScript(TestCaseExecutor.java:337)
	at com.kms.katalon.core.main.TestCaseExecutor.doExecute(TestCaseExecutor.java:328)
	at com.kms.katalon.core.main.TestCaseExecutor.processExecutionPhase(TestCaseExecutor.java:307)
	at com.kms.katalon.core.main.TestCaseExecutor.accessMainPhase(TestCaseExecutor.java:299)
	at com.kms.katalon.core.main.TestCaseExecutor.execute(TestCaseExecutor.java:233)
	at com.kms.katalon.core.main.TestCaseMain.runTestCase(TestCaseMain.java:114)
	at com.kms.katalon.core.keyword.builtin.CallTestCaseKeyword$_callTestCase_closure1.doCall(CallTestCaseKeyword.groovy:59)
	at com.kms.katalon.core.keyword.builtin.CallTestCaseKeyword$_callTestCase_closure1.call(CallTestCaseKeyword.groovy)
	at com.kms.katalon.core.keyword.internal.KeywordMain.runKeyword(KeywordMain.groovy:68)
	at com.kms.katalon.core.keyword.builtin.CallTestCaseKeyword.callTestCase(CallTestCaseKeyword.groovy:81)
	at com.kms.katalon.core.keyword.builtin.CallTestCaseKeyword.execute(CallTestCaseKeyword.groovy:44)
	at com.kms.katalon.core.keyword.internal.KeywordExecutor.executeKeywordForPlatform(KeywordExecutor.groovy:72)
	at com.kms.katalon.core.keyword.BuiltinKeywords.callTestCase(BuiltinKeywords.groovy:334)
	at FullScenarioCDBv2.run(FullScenarioCDBv2:23)
	at com.kms.katalon.core.main.ScriptEngine.run(ScriptEngine.java:194)
	at com.kms.katalon.core.main.ScriptEngine.runScriptAsRawText(ScriptEngine.java:119)
	at com.kms.katalon.core.main.TestCaseExecutor.runScript(TestCaseExecutor.java:337)
	at com.kms.katalon.core.main.TestCaseExecutor.doExecute(TestCaseExecutor.java:328)
	at com.kms.katalon.core.main.TestCaseExecutor.processExecutionPhase(TestCaseExecutor.java:307)
	at com.kms.katalon.core.main.TestCaseExecutor.accessMainPhase(TestCaseExecutor.java:299)
	at com.kms.katalon.core.main.TestCaseExecutor.execute(TestCaseExecutor.java:233)
	at com.kms.katalon.core.main.TestSuiteExecutor.accessTestCaseMainPhase(TestSuiteExecutor.java:169)
	at com.kms.katalon.core.main.TestSuiteExecutor.accessTestSuiteMainPhase(TestSuiteExecutor.java:142)
	at com.kms.katalon.core.main.TestSuiteExecutor.execute(TestSuiteExecutor.java:91)
	at com.kms.katalon.core.main.TestCaseMain.startTestSuite(TestCaseMain.java:157)
	at com.kms.katalon.core.main.TestCaseMain$startTestSuite$0.call(Unknown Source)
	at TempTestSuite1583833428733.run(TempTestSuite1583833428733.groovy:36)
)

2020-03-10 16:46:29 - [MESSAGE][INFO] - Unable to find the element located by 'By.xpath: //td[@onclick = concat('Event.fire(this, ' , "'" , 'rich:datascroller:onscroll' , "'" , ', {' , "'" , 'page' , "'" , ': ' , "'" , 'last' , "'" , '});') and (text() = '»»' or . = '»»')]'. Please recheck the objects properties to make sure the desired element is located. 

2020-03-10 16:46:29 - [MESSAGE][WARNING] - com.kms.katalon.core.webui.exception.WebElementNotFoundException: Web element with id: 'Object Repository/EntryBooking/Page EB_Checker/Page Panel Task_EB/last_page_table' located by 'By.xpath: //td[@onclick = concat('Event.fire(this, ' , "'" , 'rich:datascroller:onscroll' , "'" , ', {' , "'" , 'page' , "'" , ': ' , "'" , 'last' , "'" , '});') and (text() = '»»' or . = '»»')]' not found (Root cause: com.kms.katalon.core.exception.StepFailedException: com.kms.katalon.core.webui.exception.WebElementNotFoundException: Web element with id: 'Object Repository/EntryBooking/Page EB_Checker/Page Panel Task_EB/last_page_table' located by 'By.xpath: //td[@onclick = concat('Event.fire(this, ' , "'" , 'rich:datascroller:onscroll' , "'" , ', {' , "'" , 'page' , "'" , ': ' , "'" , 'last' , "'" , '});') and (text() = '»»' or . = '»»')]' not found
	at com.kms.katalon.core.webui.keyword.internal.WebUIKeywordMain.stepFailed(WebUIKeywordMain.groovy:64)
	at com.kms.katalon.core.webui.keyword.builtin.VerifyElementPresentKeyword$_verifyElementPresent_closure1.doCall(VerifyElementPresentKeyword.groovy:85)
	at com.kms.katalon.core.webui.keyword.builtin.VerifyElementPresentKeyword$_verifyElementPresent_closure1.call(VerifyElementPresentKeyword.groovy)
	at com.kms.katalon.core.webui.keyword.internal.WebUIKeywordMain.runKeyword(WebUIKeywordMain.groovy:20)
	at com.kms.katalon.core.webui.keyword.builtin.VerifyElementPresentKeyword.verifyElementPresent(VerifyElementPresentKeyword.groovy:92)
	at com.kms.katalon.core.webui.keyword.builtin.VerifyElementPresentKeyword.execute(VerifyElementPresentKeyword.groovy:68)
	at com.kms.katalon.core.keyword.internal.KeywordExecutor.executeKeywordForPlatform(KeywordExecutor.groovy:72)
	at com.kms.katalon.core.webui.keyword.WebUiBuiltInKeywords.verifyElementPresent(WebUiBuiltInKeywords.groovy:1418)
	at com.kms.katalon.core.webui.keyword.WebUiBuiltInKeywords$verifyElementPresent$16.call(Unknown Source)
	at EntryBookingHomeTask.run(EntryBookingHomeTask:84)
	at com.kms.katalon.core.main.ScriptEngine.run(ScriptEngine.java:194)
	at com.kms.katalon.core.main.ScriptEngine.runScriptAsRawText(ScriptEngine.java:119)
	at com.kms.katalon.core.main.TestCaseExecutor.runScript(TestCaseExecutor.java:337)
	at com.kms.katalon.core.main.TestCaseExecutor.doExecute(TestCaseExecutor.java:328)
	at com.kms.katalon.core.main.TestCaseExecutor.processExecutionPhase(TestCaseExecutor.java:307)
	at com.kms.katalon.core.main.TestCaseExecutor.accessMainPhase(TestCaseExecutor.java:299)
	at com.kms.katalon.core.main.TestCaseExecutor.execute(TestCaseExecutor.java:233)
	at com.kms.katalon.core.main.TestCaseMain.runTestCase(TestCaseMain.java:114)
	at com.kms.katalon.core.keyword.builtin.CallTestCaseKeyword$_callTestCase_closure1.doCall(CallTestCaseKeyword.groovy:59)
	at com.kms.katalon.core.keyword.builtin.CallTestCaseKeyword$_callTestCase_closure1.call(CallTestCaseKeyword.groovy)
	at com.kms.katalon.core.keyword.internal.KeywordMain.runKeyword(KeywordMain.groovy:68)
	at com.kms.katalon.core.keyword.builtin.CallTestCaseKeyword.callTestCase(CallTestCaseKeyword.groovy:81)
	at com.kms.katalon.core.keyword.builtin.CallTestCaseKeyword.execute(CallTestCaseKeyword.groovy:44)
	at com.kms.katalon.core.keyword.internal.KeywordExecutor.executeKeywordForPlatform(KeywordExecutor.groovy:72)
	at com.kms.katalon.core.keyword.BuiltinKeywords.callTestCase(BuiltinKeywords.groovy:334)
	at EntryBooking_Checker.run(EntryBooking_Checker:28)
	at com.kms.katalon.core.main.ScriptEngine.run(ScriptEngine.java:194)
	at com.kms.katalon.core.main.ScriptEngine.runScriptAsRawText(ScriptEngine.java:119)
	at com.kms.katalon.core.main.TestCaseExecutor.runScript(TestCaseExecutor.java:337)
	at com.kms.katalon.core.main.TestCaseExecutor.doExecute(TestCaseExecutor.java:328)
	at com.kms.katalon.core.main.TestCaseExecutor.processExecutionPhase(TestCaseExecutor.java:307)
	at com.kms.katalon.core.main.TestCaseExecutor.accessMainPhase(TestCaseExecutor.java:299)
	at com.kms.katalon.core.main.TestCaseExecutor.execute(TestCaseExecutor.java:233)
	at com.kms.katalon.core.main.TestCaseMain.runTestCase(TestCaseMain.java:114)
	at com.kms.katalon.core.keyword.builtin.CallTestCaseKeyword$_callTestCase_closure1.doCall(CallTestCaseKeyword.groovy:59)
	at com.kms.katalon.core.keyword.builtin.CallTestCaseKeyword$_callTestCase_closure1.call(CallTestCaseKeyword.groovy)
	at com.kms.katalon.core.keyword.internal.KeywordMain.runKeyword(KeywordMain.groovy:68)
	at com.kms.katalon.core.keyword.builtin.CallTestCaseKeyword.callTestCase(CallTestCaseKeyword.groovy:81)
	at com.kms.katalon.core.keyword.builtin.CallTestCaseKeyword.execute(CallTestCaseKeyword.groovy:44)
	at com.kms.katalon.core.keyword.internal.KeywordExecutor.executeKeywordForPlatform(KeywordExecutor.groovy:72)
	at com.kms.katalon.core.keyword.BuiltinKeywords.callTestCase(BuiltinKeywords.groovy:334)
	at EntryBooking_All.run(EntryBooking_All:33)
	at com.kms.katalon.core.main.ScriptEngine.run(ScriptEngine.java:194)
	at com.kms.katalon.core.main.ScriptEngine.runScriptAsRawText(ScriptEngine.java:119)
	at com.kms.katalon.core.main.TestCaseExecutor.runScript(TestCaseExecutor.java:337)
	at com.kms.katalon.core.main.TestCaseExecutor.doExecute(TestCaseExecutor.java:328)
	at com.kms.katalon.core.main.TestCaseExecutor.processExecutionPhase(TestCaseExecutor.java:307)
	at com.kms.katalon.core.main.TestCaseExecutor.accessMainPhase(TestCaseExecutor.java:299)
	at com.kms.katalon.core.main.TestCaseExecutor.execute(TestCaseExecutor.java:233)
	at com.kms.katalon.core.main.TestCaseMain.runTestCase(TestCaseMain.java:114)
	at com.kms.katalon.core.keyword.builtin.CallTestCaseKeyword$_callTestCase_closure1.doCall(CallTestCaseKeyword.groovy:59)
	at com.kms.katalon.core.keyword.builtin.CallTestCaseKeyword$_callTestCase_closure1.call(CallTestCaseKeyword.groovy)
	at com.kms.katalon.core.keyword.internal.KeywordMain.runKeyword(KeywordMain.groovy:68)
	at com.kms.katalon.core.keyword.builtin.CallTestCaseKeyword.callTestCase(CallTestCaseKeyword.groovy:81)
	at com.kms.katalon.core.keyword.builtin.CallTestCaseKeyword.execute(CallTestCaseKeyword.groovy:44)
	at com.kms.katalon.core.keyword.internal.KeywordExecutor.executeKeywordForPlatform(KeywordExecutor.groovy:72)
	at com.kms.katalon.core.keyword.BuiltinKeywords.callTestCase(BuiltinKeywords.groovy:334)
	at FullScenarioCDBv2.run(FullScenarioCDBv2:23)
	at com.kms.katalon.core.main.ScriptEngine.run(ScriptEngine.java:194)
	at com.kms.katalon.core.main.ScriptEngine.runScriptAsRawText(ScriptEngine.java:119)
	at com.kms.katalon.core.main.TestCaseExecutor.runScript(TestCaseExecutor.java:337)
	at com.kms.katalon.core.main.TestCaseExecutor.doExecute(TestCaseExecutor.java:328)
	at com.kms.katalon.core.main.TestCaseExecutor.processExecutionPhase(TestCaseExecutor.java:307)
	at com.kms.katalon.core.main.TestCaseExecutor.accessMainPhase(TestCaseExecutor.java:299)
	at com.kms.katalon.core.main.TestCaseExecutor.execute(TestCaseExecutor.java:233)
	at com.kms.katalon.core.main.TestSuiteExecutor.accessTestCaseMainPhase(TestSuiteExecutor.java:169)
	at com.kms.katalon.core.main.TestSuiteExecutor.accessTestSuiteMainPhase(TestSuiteExecutor.java:142)
	at com.kms.katalon.core.main.TestSuiteExecutor.execute(TestSuiteExecutor.java:91)
	at com.kms.katalon.core.main.TestCaseMain.startTestSuite(TestCaseMain.java:157)
	at com.kms.katalon.core.main.TestCaseMain$startTestSuite$0.call(Unknown Source)
	at TempTestSuite1583833428733.run(TempTestSuite1583833428733.groovy:36)
)

2020-03-10 16:46:29 - [TEST_STEP][PASSED] - waitForElementVisible(findTestObject("EntryBooking/Page EB_Checker/Page Panel Task_EB/table_task"), 30): Object 'Object Repository/EntryBooking/Page EB_Checker/Page Panel Task_EB/table_task' is visible

2020-03-10 16:46:30 - [MESSAGE][PASSED] - Object 'Object Repository/EntryBooking/Page EB_Checker/Page Panel Task_EB/table_task' is visible

2020-03-10 16:46:30 - [TEST_STEP][PASSED] - driver = getWebDriver(): null

2020-03-10 16:46:30 - [TEST_STEP][PASSED] - Table = driver.findElement(By.xpath("//*[@id="frmMain:dtEBTask:tb"]")): null

2020-03-10 16:46:30 - [TEST_STEP][PASSED] - Rows = Table.findElements(By.tagName("tr")): null

2020-03-10 16:46:30 - [TEST_STEP][PASSED] - println("No. of rows: " + Rows.size()): null

2020-03-10 16:46:30 - [TEST_STEP][PASSED] - println(CustomerName): null

2020-03-10 16:46:30 - [TEST_STEP][PASSED] - for ([i = 0, i < Rows.size(), (i++)]): null

2020-03-10 16:46:30 - [TEST_STEP][PASSED] - Cols = get(i).findElements(By.tagName("td")): null

2020-03-10 16:46:30 - [TEST_STEP][PASSED] - if (getText().equalsIgnoreCase(CustomerName)): null

2020-03-10 16:46:31 - [TEST_STEP][PASSED] - tagName("a")).click(): null

2020-03-10 16:46:35 - [TEST_STEP][PASSED] - break: null

2020-03-10 16:46:35 - [TEST_STEP][PASSED] - delay(wait_medium_time): Delayed 5 second(s)

2020-03-10 16:46:40 - [MESSAGE][PASSED] - Delayed 5 second(s)

2020-03-10 16:46:40 - [MESSAGE][PASSED] - Call Test Case 'Test Cases/EntryBooking/HomeTask/EntryBookingHomeTask' successfully

2020-03-10 16:46:40 - [TEST_STEP][PASSED] - waitForElementPresent(findTestObject("EntryBooking/Page EB_Checker/Page EB_View/wfNext"), wait_long_time): Object 'Object Repository/EntryBooking/Page EB_Checker/Page EB_View/wfNext' is present

2020-03-10 16:46:41 - [MESSAGE][PASSED] - Object 'Object Repository/EntryBooking/Page EB_Checker/Page EB_View/wfNext' is present

2020-03-10 16:46:41 - [TEST_STEP][PASSED] - customKeywords.CustomKeywordJS.clickUsingJS(findTestObject("EntryBooking/Page EB_Checker/Page EB_View/wfNext"), wait_js_long_time): customKeywords.CustomKeywordJS.clickUsingJS is PASSED

2020-03-10 16:46:41 - [MESSAGE][PASSED] - customKeywords.CustomKeywordJS.clickUsingJS is PASSED

2020-03-10 16:46:41 - [TEST_STEP][PASSED] - acceptAlert(): Alert accepted

2020-03-10 16:46:41 - [MESSAGE][PASSED] - Alert accepted

2020-03-10 16:46:41 - [TEST_STEP][PASSED] - delay(wait_long_time): Delayed 10 second(s)

2020-03-10 16:46:51 - [MESSAGE][PASSED] - Delayed 10 second(s)

2020-03-10 16:46:51 - [MESSAGE][PASSED] - Call Test Case 'Test Cases/EntryBooking/EntryBooking_Checker' successfully

2020-03-10 16:46:51 - [TEST_STEP][PASSED] - callTestCase(findTestCase("LoginLogout/Logout"), ["isOpenBrowser":true], STOP_ON_FAILURE): Call Test Case 'Test Cases/LoginLogout/Logout' successfully

2020-03-10 16:46:51 - [TEST_CASE][PASSED] - Test Cases/LoginLogout/Logout: Test Cases/LoginLogout/Logout

2020-03-10 16:46:51 - [TEST_STEP][PASSED] - waitForPageLoad(wait_long_time): Wait for page load successfully

2020-03-10 16:46:58 - [MESSAGE][PASSED] - Wait for page load successfully

2020-03-10 16:46:58 - [TEST_STEP][PASSED] - delay(wait_short_time): Delayed 3 second(s)

2020-03-10 16:47:01 - [MESSAGE][PASSED] - Delayed 3 second(s)

2020-03-10 16:47:01 - [TEST_STEP][PASSED] - waitForElementVisible(findTestObject("LoginLogout/Page_ Logout/a_Logout"), wait_js_long_time): Object 'Object Repository/LoginLogout/Page_ Logout/a_Logout' is visible

2020-03-10 16:47:02 - [MESSAGE][PASSED] - Object 'Object Repository/LoginLogout/Page_ Logout/a_Logout' is visible

2020-03-10 16:47:02 - [TEST_STEP][PASSED] - customKeywords.CustomKeywordJS.clickUsingJS(findTestObject("LoginLogout/Page_ Logout/a_Logout"), wait_js_long_time): customKeywords.CustomKeywordJS.clickUsingJS is PASSED

2020-03-10 16:47:02 - [MESSAGE][PASSED] - customKeywords.CustomKeywordJS.clickUsingJS is PASSED

2020-03-10 16:47:02 - [MESSAGE][PASSED] - Call Test Case 'Test Cases/LoginLogout/Logout' successfully

2020-03-10 16:47:02 - [TEST_STEP][PASSED] - callTestCase(findTestCase("LoginLogout/Login_Enhanced"), ["UserName":Approver], STOP_ON_FAILURE): Call Test Case 'Test Cases/LoginLogout/Login_Enhanced' successfully

2020-03-10 16:47:02 - [TEST_CASE][PASSED] - Test Cases/LoginLogout/Login_Enhanced: Test Cases/LoginLogout/Login_Enhanced

2020-03-10 16:47:02 - [TEST_STEP][PASSED] - customKeywords.LoginHelper.DoLogin(Fintegrity, UserName, FinPass): Login Completed!

2020-03-10 16:47:03 - [MESSAGE][PASSED] - Navigate to 'http://192.168.0.100:8080/Fintegrity' successfully

2020-03-10 16:47:03 - [MESSAGE][INFO] - Login Have Been Initiated

2020-03-10 16:47:03 - [MESSAGE][PASSED] - Wait for page load successfully

2020-03-10 16:47:06 - [MESSAGE][PASSED] - Delayed 3 second(s)

2020-03-10 16:47:06 - [MESSAGE][PASSED] - Current window maximized

2020-03-10 16:47:07 - [MESSAGE][PASSED] - Taking screenshot successfully
[[ATTACHMENT|D:\\screenshot.png]]

2020-03-10 16:47:07 - [MESSAGE][PASSED] - Object 'Object Repository/LoginLogout/Page_ Login/input_frmMainbtnLogin' is visible

2020-03-10 16:47:07 - [MESSAGE][PASSED] - Keys 'LUKMAN' sent to object: 'Object Repository/LoginLogout/Page_ Login/input_frmMainuserName'

2020-03-10 16:47:08 - [MESSAGE][PASSED] - Keys 'Mbf137??' sent to object: 'Object Repository/LoginLogout/Page_ Login/input_frmMainpassword'

2020-03-10 16:47:08 - [MESSAGE][PASSED] - Object: 'Object Repository/LoginLogout/Page_ Login/input_frmMainbtnLogin' is clicked on

2020-03-10 16:47:08 - [MESSAGE][PASSED] - Login Completed!

2020-03-10 16:47:08 - [MESSAGE][PASSED] - Call Test Case 'Test Cases/LoginLogout/Login_Enhanced' successfully

2020-03-10 16:47:08 - [TEST_STEP][PASSED] - callTestCase(findTestCase("EntryBooking/EntryBooking_Approve"), ["CustomerName":CustomerName], STOP_ON_FAILURE): Call Test Case 'Test Cases/EntryBooking/EntryBooking_Approve' successfully

2020-03-10 16:47:08 - [TEST_CASE][PASSED] - Test Cases/EntryBooking/EntryBooking_Approve: Test Cases/EntryBooking/EntryBooking_Approve

2020-03-10 16:47:09 - [TEST_STEP][PASSED] - callTestCase(findTestCase("EntryBooking/HomeTask/EntryBookingHomeTask"), ["CustomerName":CustomerName], STOP_ON_FAILURE): Call Test Case 'Test Cases/EntryBooking/HomeTask/EntryBookingHomeTask' successfully

2020-03-10 16:47:09 - [TEST_CASE][PASSED] - Test Cases/EntryBooking/HomeTask/EntryBookingHomeTask: Test Cases/EntryBooking/HomeTask/EntryBookingHomeTask

2020-03-10 16:47:09 - [TEST_STEP][PASSED] - waitForElementPresent(findTestObject("EntryBooking/Page EB_Checker/Page Panel Task_EB/panel_task_entry_booking"), wait_js_long_time): Object 'Object Repository/EntryBooking/Page EB_Checker/Page Panel Task_EB/panel_task_entry_booking' is present

2020-03-10 16:47:16 - [MESSAGE][PASSED] - Object 'Object Repository/EntryBooking/Page EB_Checker/Page Panel Task_EB/panel_task_entry_booking' is present

2020-03-10 16:47:16 - [TEST_STEP][PASSED] - delay(wait_medium_time): Delayed 5 second(s)

2020-03-10 16:47:21 - [MESSAGE][PASSED] - Delayed 5 second(s)

2020-03-10 16:47:21 - [TEST_STEP][PASSED] - if (verifyElementNotPresent(findTestObject("Object Repository/EntryBooking/Page EB_Checker/Page Panel Task_EB/table_task"), wait_short_time, OPTIONAL)): null

2020-03-10 16:47:22 - [MESSAGE][PASSED] - Web element with id: 'Object Repository/EntryBooking/Page EB_Checker/Page Panel Task_EB/table_task' located by 'By.xpath: //*[@id="frmMain:dtEBTask:tb"]' is not present after '3' second(s)

2020-03-10 16:47:22 - [TEST_STEP][PASSED] - waitForElementClickable(findTestObject("EntryBooking/Page EB_Checker/Page Panel Task_EB/open_task"), wait_js_long_time): Object 'Object Repository/EntryBooking/Page EB_Checker/Page Panel Task_EB/open_task' is clickable

2020-03-10 16:47:23 - [MESSAGE][PASSED] - Object 'Object Repository/EntryBooking/Page EB_Checker/Page Panel Task_EB/open_task' is clickable

2020-03-10 16:47:23 - [TEST_STEP][PASSED] - customKeywords.CustomKeywordJS.clickUsingJS(findTestObject("EntryBooking/Page EB_Checker/Page Panel Task_EB/open_task"), wait_js_long_time): customKeywords.CustomKeywordJS.clickUsingJS is PASSED

2020-03-10 16:47:23 - [MESSAGE][PASSED] - customKeywords.CustomKeywordJS.clickUsingJS is PASSED

2020-03-10 16:47:23 - [TEST_STEP][PASSED] - delay(wait_medium_time): Delayed 5 second(s)

2020-03-10 16:47:28 - [MESSAGE][PASSED] - Delayed 5 second(s)

2020-03-10 16:47:28 - [TEST_STEP][PASSED] - if (verifyElementPresent(findTestObject("EntryBooking/Page EB_Checker/Page Panel Task_EB/last_page_table"), wait_short_time, OPTIONAL)): com.kms.katalon.core.webui.exception.WebElementNotFoundException: Web element with id: 'Object Repository/EntryBooking/Page EB_Checker/Page Panel Task_EB/last_page_table' located by 'By.xpath: //td[@onclick = concat('Event.fire(this, ' , "'" , 'rich:datascroller:onscroll' , "'" , ', {' , "'" , 'page' , "'" , ': ' , "'" , 'last' , "'" , '});') and (text() = '»»' or . = '»»')]' not found (Root cause: com.kms.katalon.core.exception.StepFailedException: com.kms.katalon.core.webui.exception.WebElementNotFoundException: Web element with id: 'Object Repository/EntryBooking/Page EB_Checker/Page Panel Task_EB/last_page_table' located by 'By.xpath: //td[@onclick = concat('Event.fire(this, ' , "'" , 'rich:datascroller:onscroll' , "'" , ', {' , "'" , 'page' , "'" , ': ' , "'" , 'last' , "'" , '});') and (text() = '»»' or . = '»»')]' not found
	at com.kms.katalon.core.webui.keyword.internal.WebUIKeywordMain.stepFailed(WebUIKeywordMain.groovy:64)
	at com.kms.katalon.core.webui.keyword.builtin.VerifyElementPresentKeyword$_verifyElementPresent_closure1.doCall(VerifyElementPresentKeyword.groovy:85)
	at com.kms.katalon.core.webui.keyword.builtin.VerifyElementPresentKeyword$_verifyElementPresent_closure1.call(VerifyElementPresentKeyword.groovy)
	at com.kms.katalon.core.webui.keyword.internal.WebUIKeywordMain.runKeyword(WebUIKeywordMain.groovy:20)
	at com.kms.katalon.core.webui.keyword.builtin.VerifyElementPresentKeyword.verifyElementPresent(VerifyElementPresentKeyword.groovy:92)
	at com.kms.katalon.core.webui.keyword.builtin.VerifyElementPresentKeyword.execute(VerifyElementPresentKeyword.groovy:68)
	at com.kms.katalon.core.keyword.internal.KeywordExecutor.executeKeywordForPlatform(KeywordExecutor.groovy:72)
	at com.kms.katalon.core.webui.keyword.WebUiBuiltInKeywords.verifyElementPresent(WebUiBuiltInKeywords.groovy:1418)
	at com.kms.katalon.core.webui.keyword.WebUiBuiltInKeywords$verifyElementPresent$16.call(Unknown Source)
	at EntryBookingHomeTask.run(EntryBookingHomeTask:84)
	at com.kms.katalon.core.main.ScriptEngine.run(ScriptEngine.java:194)
	at com.kms.katalon.core.main.ScriptEngine.runScriptAsRawText(ScriptEngine.java:119)
	at com.kms.katalon.core.main.TestCaseExecutor.runScript(TestCaseExecutor.java:337)
	at com.kms.katalon.core.main.TestCaseExecutor.doExecute(TestCaseExecutor.java:328)
	at com.kms.katalon.core.main.TestCaseExecutor.processExecutionPhase(TestCaseExecutor.java:307)
	at com.kms.katalon.core.main.TestCaseExecutor.accessMainPhase(TestCaseExecutor.java:299)
	at com.kms.katalon.core.main.TestCaseExecutor.execute(TestCaseExecutor.java:233)
	at com.kms.katalon.core.main.TestCaseMain.runTestCase(TestCaseMain.java:114)
	at com.kms.katalon.core.keyword.builtin.CallTestCaseKeyword$_callTestCase_closure1.doCall(CallTestCaseKeyword.groovy:59)
	at com.kms.katalon.core.keyword.builtin.CallTestCaseKeyword$_callTestCase_closure1.call(CallTestCaseKeyword.groovy)
	at com.kms.katalon.core.keyword.internal.KeywordMain.runKeyword(KeywordMain.groovy:68)
	at com.kms.katalon.core.keyword.builtin.CallTestCaseKeyword.callTestCase(CallTestCaseKeyword.groovy:81)
	at com.kms.katalon.core.keyword.builtin.CallTestCaseKeyword.execute(CallTestCaseKeyword.groovy:44)
	at com.kms.katalon.core.keyword.internal.KeywordExecutor.executeKeywordForPlatform(KeywordExecutor.groovy:72)
	at com.kms.katalon.core.keyword.BuiltinKeywords.callTestCase(BuiltinKeywords.groovy:334)
	at EntryBooking_Approve.run(EntryBooking_Approve:28)
	at com.kms.katalon.core.main.ScriptEngine.run(ScriptEngine.java:194)
	at com.kms.katalon.core.main.ScriptEngine.runScriptAsRawText(ScriptEngine.java:119)
	at com.kms.katalon.core.main.TestCaseExecutor.runScript(TestCaseExecutor.java:337)
	at com.kms.katalon.core.main.TestCaseExecutor.doExecute(TestCaseExecutor.java:328)
	at com.kms.katalon.core.main.TestCaseExecutor.processExecutionPhase(TestCaseExecutor.java:307)
	at com.kms.katalon.core.main.TestCaseExecutor.accessMainPhase(TestCaseExecutor.java:299)
	at com.kms.katalon.core.main.TestCaseExecutor.execute(TestCaseExecutor.java:233)
	at com.kms.katalon.core.main.TestCaseMain.runTestCase(TestCaseMain.java:114)
	at com.kms.katalon.core.keyword.builtin.CallTestCaseKeyword$_callTestCase_closure1.doCall(CallTestCaseKeyword.groovy:59)
	at com.kms.katalon.core.keyword.builtin.CallTestCaseKeyword$_callTestCase_closure1.call(CallTestCaseKeyword.groovy)
	at com.kms.katalon.core.keyword.internal.KeywordMain.runKeyword(KeywordMain.groovy:68)
	at com.kms.katalon.core.keyword.builtin.CallTestCaseKeyword.callTestCase(CallTestCaseKeyword.groovy:81)
	at com.kms.katalon.core.keyword.builtin.CallTestCaseKeyword.execute(CallTestCaseKeyword.groovy:44)
	at com.kms.katalon.core.keyword.internal.KeywordExecutor.executeKeywordForPlatform(KeywordExecutor.groovy:72)
	at com.kms.katalon.core.keyword.BuiltinKeywords.callTestCase(BuiltinKeywords.groovy:334)
	at EntryBooking_All.run(EntryBooking_All:40)
	at com.kms.katalon.core.main.ScriptEngine.run(ScriptEngine.java:194)
	at com.kms.katalon.core.main.ScriptEngine.runScriptAsRawText(ScriptEngine.java:119)
	at com.kms.katalon.core.main.TestCaseExecutor.runScript(TestCaseExecutor.java:337)
	at com.kms.katalon.core.main.TestCaseExecutor.doExecute(TestCaseExecutor.java:328)
	at com.kms.katalon.core.main.TestCaseExecutor.processExecutionPhase(TestCaseExecutor.java:307)
	at com.kms.katalon.core.main.TestCaseExecutor.accessMainPhase(TestCaseExecutor.java:299)
	at com.kms.katalon.core.main.TestCaseExecutor.execute(TestCaseExecutor.java:233)
	at com.kms.katalon.core.main.TestCaseMain.runTestCase(TestCaseMain.java:114)
	at com.kms.katalon.core.keyword.builtin.CallTestCaseKeyword$_callTestCase_closure1.doCall(CallTestCaseKeyword.groovy:59)
	at com.kms.katalon.core.keyword.builtin.CallTestCaseKeyword$_callTestCase_closure1.call(CallTestCaseKeyword.groovy)
	at com.kms.katalon.core.keyword.internal.KeywordMain.runKeyword(KeywordMain.groovy:68)
	at com.kms.katalon.core.keyword.builtin.CallTestCaseKeyword.callTestCase(CallTestCaseKeyword.groovy:81)
	at com.kms.katalon.core.keyword.builtin.CallTestCaseKeyword.execute(CallTestCaseKeyword.groovy:44)
	at com.kms.katalon.core.keyword.internal.KeywordExecutor.executeKeywordForPlatform(KeywordExecutor.groovy:72)
	at com.kms.katalon.core.keyword.BuiltinKeywords.callTestCase(BuiltinKeywords.groovy:334)
	at FullScenarioCDBv2.run(FullScenarioCDBv2:23)
	at com.kms.katalon.core.main.ScriptEngine.run(ScriptEngine.java:194)
	at com.kms.katalon.core.main.ScriptEngine.runScriptAsRawText(ScriptEngine.java:119)
	at com.kms.katalon.core.main.TestCaseExecutor.runScript(TestCaseExecutor.java:337)
	at com.kms.katalon.core.main.TestCaseExecutor.doExecute(TestCaseExecutor.java:328)
	at com.kms.katalon.core.main.TestCaseExecutor.processExecutionPhase(TestCaseExecutor.java:307)
	at com.kms.katalon.core.main.TestCaseExecutor.accessMainPhase(TestCaseExecutor.java:299)
	at com.kms.katalon.core.main.TestCaseExecutor.execute(TestCaseExecutor.java:233)
	at com.kms.katalon.core.main.TestSuiteExecutor.accessTestCaseMainPhase(TestSuiteExecutor.java:169)
	at com.kms.katalon.core.main.TestSuiteExecutor.accessTestSuiteMainPhase(TestSuiteExecutor.java:142)
	at com.kms.katalon.core.main.TestSuiteExecutor.execute(TestSuiteExecutor.java:91)
	at com.kms.katalon.core.main.TestCaseMain.startTestSuite(TestCaseMain.java:157)
	at com.kms.katalon.core.main.TestCaseMain$startTestSuite$0.call(Unknown Source)
	at TempTestSuite1583833428733.run(TempTestSuite1583833428733.groovy:36)
)

2020-03-10 16:47:33 - [MESSAGE][INFO] - Unable to find the element located by 'By.xpath: //td[@onclick = concat('Event.fire(this, ' , "'" , 'rich:datascroller:onscroll' , "'" , ', {' , "'" , 'page' , "'" , ': ' , "'" , 'last' , "'" , '});') and (text() = '»»' or . = '»»')]'. Please recheck the objects properties to make sure the desired element is located. 

2020-03-10 16:47:33 - [MESSAGE][WARNING] - com.kms.katalon.core.webui.exception.WebElementNotFoundException: Web element with id: 'Object Repository/EntryBooking/Page EB_Checker/Page Panel Task_EB/last_page_table' located by 'By.xpath: //td[@onclick = concat('Event.fire(this, ' , "'" , 'rich:datascroller:onscroll' , "'" , ', {' , "'" , 'page' , "'" , ': ' , "'" , 'last' , "'" , '});') and (text() = '»»' or . = '»»')]' not found (Root cause: com.kms.katalon.core.exception.StepFailedException: com.kms.katalon.core.webui.exception.WebElementNotFoundException: Web element with id: 'Object Repository/EntryBooking/Page EB_Checker/Page Panel Task_EB/last_page_table' located by 'By.xpath: //td[@onclick = concat('Event.fire(this, ' , "'" , 'rich:datascroller:onscroll' , "'" , ', {' , "'" , 'page' , "'" , ': ' , "'" , 'last' , "'" , '});') and (text() = '»»' or . = '»»')]' not found
	at com.kms.katalon.core.webui.keyword.internal.WebUIKeywordMain.stepFailed(WebUIKeywordMain.groovy:64)
	at com.kms.katalon.core.webui.keyword.builtin.VerifyElementPresentKeyword$_verifyElementPresent_closure1.doCall(VerifyElementPresentKeyword.groovy:85)
	at com.kms.katalon.core.webui.keyword.builtin.VerifyElementPresentKeyword$_verifyElementPresent_closure1.call(VerifyElementPresentKeyword.groovy)
	at com.kms.katalon.core.webui.keyword.internal.WebUIKeywordMain.runKeyword(WebUIKeywordMain.groovy:20)
	at com.kms.katalon.core.webui.keyword.builtin.VerifyElementPresentKeyword.verifyElementPresent(VerifyElementPresentKeyword.groovy:92)
	at com.kms.katalon.core.webui.keyword.builtin.VerifyElementPresentKeyword.execute(VerifyElementPresentKeyword.groovy:68)
	at com.kms.katalon.core.keyword.internal.KeywordExecutor.executeKeywordForPlatform(KeywordExecutor.groovy:72)
	at com.kms.katalon.core.webui.keyword.WebUiBuiltInKeywords.verifyElementPresent(WebUiBuiltInKeywords.groovy:1418)
	at com.kms.katalon.core.webui.keyword.WebUiBuiltInKeywords$verifyElementPresent$16.call(Unknown Source)
	at EntryBookingHomeTask.run(EntryBookingHomeTask:84)
	at com.kms.katalon.core.main.ScriptEngine.run(ScriptEngine.java:194)
	at com.kms.katalon.core.main.ScriptEngine.runScriptAsRawText(ScriptEngine.java:119)
	at com.kms.katalon.core.main.TestCaseExecutor.runScript(TestCaseExecutor.java:337)
	at com.kms.katalon.core.main.TestCaseExecutor.doExecute(TestCaseExecutor.java:328)
	at com.kms.katalon.core.main.TestCaseExecutor.processExecutionPhase(TestCaseExecutor.java:307)
	at com.kms.katalon.core.main.TestCaseExecutor.accessMainPhase(TestCaseExecutor.java:299)
	at com.kms.katalon.core.main.TestCaseExecutor.execute(TestCaseExecutor.java:233)
	at com.kms.katalon.core.main.TestCaseMain.runTestCase(TestCaseMain.java:114)
	at com.kms.katalon.core.keyword.builtin.CallTestCaseKeyword$_callTestCase_closure1.doCall(CallTestCaseKeyword.groovy:59)
	at com.kms.katalon.core.keyword.builtin.CallTestCaseKeyword$_callTestCase_closure1.call(CallTestCaseKeyword.groovy)
	at com.kms.katalon.core.keyword.internal.KeywordMain.runKeyword(KeywordMain.groovy:68)
	at com.kms.katalon.core.keyword.builtin.CallTestCaseKeyword.callTestCase(CallTestCaseKeyword.groovy:81)
	at com.kms.katalon.core.keyword.builtin.CallTestCaseKeyword.execute(CallTestCaseKeyword.groovy:44)
	at com.kms.katalon.core.keyword.internal.KeywordExecutor.executeKeywordForPlatform(KeywordExecutor.groovy:72)
	at com.kms.katalon.core.keyword.BuiltinKeywords.callTestCase(BuiltinKeywords.groovy:334)
	at EntryBooking_Approve.run(EntryBooking_Approve:28)
	at com.kms.katalon.core.main.ScriptEngine.run(ScriptEngine.java:194)
	at com.kms.katalon.core.main.ScriptEngine.runScriptAsRawText(ScriptEngine.java:119)
	at com.kms.katalon.core.main.TestCaseExecutor.runScript(TestCaseExecutor.java:337)
	at com.kms.katalon.core.main.TestCaseExecutor.doExecute(TestCaseExecutor.java:328)
	at com.kms.katalon.core.main.TestCaseExecutor.processExecutionPhase(TestCaseExecutor.java:307)
	at com.kms.katalon.core.main.TestCaseExecutor.accessMainPhase(TestCaseExecutor.java:299)
	at com.kms.katalon.core.main.TestCaseExecutor.execute(TestCaseExecutor.java:233)
	at com.kms.katalon.core.main.TestCaseMain.runTestCase(TestCaseMain.java:114)
	at com.kms.katalon.core.keyword.builtin.CallTestCaseKeyword$_callTestCase_closure1.doCall(CallTestCaseKeyword.groovy:59)
	at com.kms.katalon.core.keyword.builtin.CallTestCaseKeyword$_callTestCase_closure1.call(CallTestCaseKeyword.groovy)
	at com.kms.katalon.core.keyword.internal.KeywordMain.runKeyword(KeywordMain.groovy:68)
	at com.kms.katalon.core.keyword.builtin.CallTestCaseKeyword.callTestCase(CallTestCaseKeyword.groovy:81)
	at com.kms.katalon.core.keyword.builtin.CallTestCaseKeyword.execute(CallTestCaseKeyword.groovy:44)
	at com.kms.katalon.core.keyword.internal.KeywordExecutor.executeKeywordForPlatform(KeywordExecutor.groovy:72)
	at com.kms.katalon.core.keyword.BuiltinKeywords.callTestCase(BuiltinKeywords.groovy:334)
	at EntryBooking_All.run(EntryBooking_All:40)
	at com.kms.katalon.core.main.ScriptEngine.run(ScriptEngine.java:194)
	at com.kms.katalon.core.main.ScriptEngine.runScriptAsRawText(ScriptEngine.java:119)
	at com.kms.katalon.core.main.TestCaseExecutor.runScript(TestCaseExecutor.java:337)
	at com.kms.katalon.core.main.TestCaseExecutor.doExecute(TestCaseExecutor.java:328)
	at com.kms.katalon.core.main.TestCaseExecutor.processExecutionPhase(TestCaseExecutor.java:307)
	at com.kms.katalon.core.main.TestCaseExecutor.accessMainPhase(TestCaseExecutor.java:299)
	at com.kms.katalon.core.main.TestCaseExecutor.execute(TestCaseExecutor.java:233)
	at com.kms.katalon.core.main.TestCaseMain.runTestCase(TestCaseMain.java:114)
	at com.kms.katalon.core.keyword.builtin.CallTestCaseKeyword$_callTestCase_closure1.doCall(CallTestCaseKeyword.groovy:59)
	at com.kms.katalon.core.keyword.builtin.CallTestCaseKeyword$_callTestCase_closure1.call(CallTestCaseKeyword.groovy)
	at com.kms.katalon.core.keyword.internal.KeywordMain.runKeyword(KeywordMain.groovy:68)
	at com.kms.katalon.core.keyword.builtin.CallTestCaseKeyword.callTestCase(CallTestCaseKeyword.groovy:81)
	at com.kms.katalon.core.keyword.builtin.CallTestCaseKeyword.execute(CallTestCaseKeyword.groovy:44)
	at com.kms.katalon.core.keyword.internal.KeywordExecutor.executeKeywordForPlatform(KeywordExecutor.groovy:72)
	at com.kms.katalon.core.keyword.BuiltinKeywords.callTestCase(BuiltinKeywords.groovy:334)
	at FullScenarioCDBv2.run(FullScenarioCDBv2:23)
	at com.kms.katalon.core.main.ScriptEngine.run(ScriptEngine.java:194)
	at com.kms.katalon.core.main.ScriptEngine.runScriptAsRawText(ScriptEngine.java:119)
	at com.kms.katalon.core.main.TestCaseExecutor.runScript(TestCaseExecutor.java:337)
	at com.kms.katalon.core.main.TestCaseExecutor.doExecute(TestCaseExecutor.java:328)
	at com.kms.katalon.core.main.TestCaseExecutor.processExecutionPhase(TestCaseExecutor.java:307)
	at com.kms.katalon.core.main.TestCaseExecutor.accessMainPhase(TestCaseExecutor.java:299)
	at com.kms.katalon.core.main.TestCaseExecutor.execute(TestCaseExecutor.java:233)
	at com.kms.katalon.core.main.TestSuiteExecutor.accessTestCaseMainPhase(TestSuiteExecutor.java:169)
	at com.kms.katalon.core.main.TestSuiteExecutor.accessTestSuiteMainPhase(TestSuiteExecutor.java:142)
	at com.kms.katalon.core.main.TestSuiteExecutor.execute(TestSuiteExecutor.java:91)
	at com.kms.katalon.core.main.TestCaseMain.startTestSuite(TestCaseMain.java:157)
	at com.kms.katalon.core.main.TestCaseMain$startTestSuite$0.call(Unknown Source)
	at TempTestSuite1583833428733.run(TempTestSuite1583833428733.groovy:36)
)

2020-03-10 16:47:33 - [TEST_STEP][PASSED] - waitForElementVisible(findTestObject("EntryBooking/Page EB_Checker/Page Panel Task_EB/table_task"), 30): Object 'Object Repository/EntryBooking/Page EB_Checker/Page Panel Task_EB/table_task' is visible

2020-03-10 16:47:33 - [MESSAGE][PASSED] - Object 'Object Repository/EntryBooking/Page EB_Checker/Page Panel Task_EB/table_task' is visible

2020-03-10 16:47:33 - [TEST_STEP][PASSED] - driver = getWebDriver(): null

2020-03-10 16:47:33 - [TEST_STEP][PASSED] - Table = driver.findElement(By.xpath("//*[@id="frmMain:dtEBTask:tb"]")): null

2020-03-10 16:47:33 - [TEST_STEP][PASSED] - Rows = Table.findElements(By.tagName("tr")): null

[...]
	at com.kms.katalon.core.webui.keyword.internal.WebUIKeywordMain.runKeyword(WebUIKeywordMain.groovy:20)
	at com.kms.katalon.core.webui.keyword.builtin.VerifyElementPresentKeyword.verifyElementPresent(VerifyElementPresentKeyword.groovy:92)
	at com.kms.katalon.core.webui.keyword.builtin.VerifyElementPresentKeyword.execute(VerifyElementPresentKeyword.groovy:68)
	at com.kms.katalon.core.keyword.internal.KeywordExecutor.executeKeywordForPlatform(KeywordExecutor.groovy:72)
	at com.kms.katalon.core.webui.keyword.WebUiBuiltInKeywords.verifyElementPresent(WebUiBuiltInKeywords.groovy:1418)
	at com.kms.katalon.core.webui.keyword.WebUiBuiltInKeywords$verifyElementPresent$16.call(Unknown Source)
	at TaskPanelCdbPersonal.run(TaskPanelCdbPersonal:75)
	at com.kms.katalon.core.main.ScriptEngine.run(ScriptEngine.java:194)
	at com.kms.katalon.core.main.ScriptEngine.runScriptAsRawText(ScriptEngine.java:119)
	at com.kms.katalon.core.main.TestCaseExecutor.runScript(TestCaseExecutor.java:337)
	at com.kms.katalon.core.main.TestCaseExecutor.doExecute(TestCaseExecutor.java:328)
	at com.kms.katalon.core.main.TestCaseExecutor.processExecutionPhase(TestCaseExecutor.java:307)
	at com.kms.katalon.core.main.TestCaseExecutor.accessMainPhase(TestCaseExecutor.java:299)
	at com.kms.katalon.core.main.TestCaseExecutor.execute(TestCaseExecutor.java:233)
	at com.kms.katalon.core.main.TestCaseMain.runTestCase(TestCaseMain.java:114)
	at com.kms.katalon.core.keyword.builtin.CallTestCaseKeyword$_callTestCase_closure1.doCall(CallTestCaseKeyword.groovy:59)
	at com.kms.katalon.core.keyword.builtin.CallTestCaseKeyword$_callTestCase_closure1.call(CallTestCaseKeyword.groovy)
	at com.kms.katalon.core.keyword.internal.KeywordMain.runKeyword(KeywordMain.groovy:68)
	at com.kms.katalon.core.keyword.builtin.CallTestCaseKeyword.callTestCase(CallTestCaseKeyword.groovy:81)
	at com.kms.katalon.core.keyword.builtin.CallTestCaseKeyword.execute(CallTestCaseKeyword.groovy:44)
	at com.kms.katalon.core.keyword.internal.KeywordExecutor.executeKeywordForPlatform(KeywordExecutor.groovy:72)
	at com.kms.katalon.core.keyword.BuiltinKeywords.callTestCase(BuiltinKeywords.groovy:334)
	at HomeTaskImproved.run(HomeTaskImproved:17)
	at com.kms.katalon.core.main.ScriptEngine.run(ScriptEngine.java:194)
	at com.kms.katalon.core.main.ScriptEngine.runScriptAsRawText(ScriptEngine.java:119)
	at com.kms.katalon.core.main.TestCaseExecutor.runScript(TestCaseExecutor.java:337)
	at com.kms.katalon.core.main.TestCaseExecutor.doExecute(TestCaseExecutor.java:328)
	at com.kms.katalon.core.main.TestCaseExecutor.processExecutionPhase(TestCaseExecutor.java:307)
	at com.kms.katalon.core.main.TestCaseExecutor.accessMainPhase(TestCaseExecutor.java:299)
	at com.kms.katalon.core.main.TestCaseExecutor.execute(TestCaseExecutor.java:233)
	at com.kms.katalon.core.main.TestCaseMain.runTestCase(TestCaseMain.java:114)
	at com.kms.katalon.core.keyword.builtin.CallTestCaseKeyword$_callTestCase_closure1.doCall(CallTestCaseKeyword.groovy:59)
	at com.kms.katalon.core.keyword.builtin.CallTestCaseKeyword$_callTestCase_closure1.call(CallTestCaseKeyword.groovy)
	at com.kms.katalon.core.keyword.internal.KeywordMain.runKeyword(KeywordMain.groovy:68)
	at com.kms.katalon.core.keyword.builtin.CallTestCaseKeyword.callTestCase(CallTestCaseKeyword.groovy:81)
	at com.kms.katalon.core.keyword.builtin.CallTestCaseKeyword.execute(CallTestCaseKeyword.groovy:44)
	at com.kms.katalon.core.keyword.internal.KeywordExecutor.executeKeywordForPlatform(KeywordExecutor.groovy:72)
	at com.kms.katalon.core.keyword.BuiltinKeywords.callTestCase(BuiltinKeywords.groovy:334)
	at CDB_BM.run(CDB_BM:25)
	at com.kms.katalon.core.main.ScriptEngine.run(ScriptEngine.java:194)
	at com.kms.katalon.core.main.ScriptEngine.runScriptAsRawText(ScriptEngine.java:119)
	at com.kms.katalon.core.main.TestCaseExecutor.runScript(TestCaseExecutor.java:337)
	at com.kms.katalon.core.main.TestCaseExecutor.doExecute(TestCaseExecutor.java:328)
	at com.kms.katalon.core.main.TestCaseExecutor.processExecutionPhase(TestCaseExecutor.java:307)
	at com.kms.katalon.core.main.TestCaseExecutor.accessMainPhase(TestCaseExecutor.java:299)
	at com.kms.katalon.core.main.TestCaseExecutor.execute(TestCaseExecutor.java:233)
	at com.kms.katalon.core.main.TestCaseMain.runTestCase(TestCaseMain.java:114)
	at com.kms.katalon.core.keyword.builtin.CallTestCaseKeyword$_callTestCase_closure1.doCall(CallTestCaseKeyword.groovy:59)
	at com.kms.katalon.core.keyword.builtin.CallTestCaseKeyword$_callTestCase_closure1.call(CallTestCaseKeyword.groovy)
	at com.kms.katalon.core.keyword.internal.KeywordMain.runKeyword(KeywordMain.groovy:68)
	at com.kms.katalon.core.keyword.builtin.CallTestCaseKeyword.callTestCase(CallTestCaseKeyword.groovy:81)
	at com.kms.katalon.core.keyword.builtin.CallTestCaseKeyword.execute(CallTestCaseKeyword.groovy:44)
	at com.kms.katalon.core.keyword.internal.KeywordExecutor.executeKeywordForPlatform(KeywordExecutor.groovy:72)
	at com.kms.katalon.core.keyword.BuiltinKeywords.callTestCase(BuiltinKeywords.groovy:334)
	at FullScenarioCDBv2.run(FullScenarioCDBv2:47)
	at com.kms.katalon.core.main.ScriptEngine.run(ScriptEngine.java:194)
	at com.kms.katalon.core.main.ScriptEngine.runScriptAsRawText(ScriptEngine.java:119)
	at com.kms.katalon.core.main.TestCaseExecutor.runScript(TestCaseExecutor.java:337)
	at com.kms.katalon.core.main.TestCaseExecutor.doExecute(TestCaseExecutor.java:328)
	at com.kms.katalon.core.main.TestCaseExecutor.processExecutionPhase(TestCaseExecutor.java:307)
	at com.kms.katalon.core.main.TestCaseExecutor.accessMainPhase(TestCaseExecutor.java:299)
	at com.kms.katalon.core.main.TestCaseExecutor.execute(TestCaseExecutor.java:233)
	at com.kms.katalon.core.main.TestSuiteExecutor.accessTestCaseMainPhase(TestSuiteExecutor.java:169)
	at com.kms.katalon.core.main.TestSuiteExecutor.accessTestSuiteMainPhase(TestSuiteExecutor.java:142)
	at com.kms.katalon.core.main.TestSuiteExecutor.execute(TestSuiteExecutor.java:91)
	at com.kms.katalon.core.main.TestCaseMain.startTestSuite(TestCaseMain.java:157)
	at com.kms.katalon.core.main.TestCaseMain$startTestSuite$0.call(Unknown Source)
	at TempTestSuite1583833428733.run(TempTestSuite1583833428733.groovy:36)
)

2020-03-10 16:54:16 - [MESSAGE][INFO] - Unable to find the element located by 'By.xpath: //td[(text() = '»»' or . = '»»')]'. Please recheck the objects properties to make sure the desired element is located. 

2020-03-10 16:54:16 - [MESSAGE][WARNING] - com.kms.katalon.core.webui.exception.WebElementNotFoundException: Web element with id: 'Object Repository/CDB/Personal/Page_HomeTask_CDBPersonal/last_page_of_table' located by 'By.xpath: //td[(text() = '»»' or . = '»»')]' not found (Root cause: com.kms.katalon.core.exception.StepFailedException: com.kms.katalon.core.webui.exception.WebElementNotFoundException: Web element with id: 'Object Repository/CDB/Personal/Page_HomeTask_CDBPersonal/last_page_of_table' located by 'By.xpath: //td[(text() = '»»' or . = '»»')]' not found
	at com.kms.katalon.core.webui.keyword.internal.WebUIKeywordMain.stepFailed(WebUIKeywordMain.groovy:64)
	at com.kms.katalon.core.webui.keyword.builtin.VerifyElementPresentKeyword$_verifyElementPresent_closure1.doCall(VerifyElementPresentKeyword.groovy:85)
	at com.kms.katalon.core.webui.keyword.builtin.VerifyElementPresentKeyword$_verifyElementPresent_closure1.call(VerifyElementPresentKeyword.groovy)
	at com.kms.katalon.core.webui.keyword.internal.WebUIKeywordMain.runKeyword(WebUIKeywordMain.groovy:20)
	at com.kms.katalon.core.webui.keyword.builtin.VerifyElementPresentKeyword.verifyElementPresent(VerifyElementPresentKeyword.groovy:92)
	at com.kms.katalon.core.webui.keyword.builtin.VerifyElementPresentKeyword.execute(VerifyElementPresentKeyword.groovy:68)
	at com.kms.katalon.core.keyword.internal.KeywordExecutor.executeKeywordForPlatform(KeywordExecutor.groovy:72)
	at com.kms.katalon.core.webui.keyword.WebUiBuiltInKeywords.verifyElementPresent(WebUiBuiltInKeywords.groovy:1418)
	at com.kms.katalon.core.webui.keyword.WebUiBuiltInKeywords$verifyElementPresent$16.call(Unknown Source)
	at TaskPanelCdbPersonal.run(TaskPanelCdbPersonal:75)
	at com.kms.katalon.core.main.ScriptEngine.run(ScriptEngine.java:194)
	at com.kms.katalon.core.main.ScriptEngine.runScriptAsRawText(ScriptEngine.java:119)
	at com.kms.katalon.core.main.TestCaseExecutor.runScript(TestCaseExecutor.java:337)
	at com.kms.katalon.core.main.TestCaseExecutor.doExecute(TestCaseExecutor.java:328)
	at com.kms.katalon.core.main.TestCaseExecutor.processExecutionPhase(TestCaseExecutor.java:307)
	at com.kms.katalon.core.main.TestCaseExecutor.accessMainPhase(TestCaseExecutor.java:299)
	at com.kms.katalon.core.main.TestCaseExecutor.execute(TestCaseExecutor.java:233)
	at com.kms.katalon.core.main.TestCaseMain.runTestCase(TestCaseMain.java:114)
	at com.kms.katalon.core.keyword.builtin.CallTestCaseKeyword$_callTestCase_closure1.doCall(CallTestCaseKeyword.groovy:59)
	at com.kms.katalon.core.keyword.builtin.CallTestCaseKeyword$_callTestCase_closure1.call(CallTestCaseKeyword.groovy)
	at com.kms.katalon.core.keyword.internal.KeywordMain.runKeyword(KeywordMain.groovy:68)
	at com.kms.katalon.core.keyword.builtin.CallTestCaseKeyword.callTestCase(CallTestCaseKeyword.groovy:81)
	at com.kms.katalon.core.keyword.builtin.CallTestCaseKeyword.execute(CallTestCaseKeyword.groovy:44)
	at com.kms.katalon.core.keyword.internal.KeywordExecutor.executeKeywordForPlatform(KeywordExecutor.groovy:72)
	at com.kms.katalon.core.keyword.BuiltinKeywords.callTestCase(BuiltinKeywords.groovy:334)
	at HomeTaskImproved.run(HomeTaskImproved:17)
	at com.kms.katalon.core.main.ScriptEngine.run(ScriptEngine.java:194)
	at com.kms.katalon.core.main.ScriptEngine.runScriptAsRawText(ScriptEngine.java:119)
	at com.kms.katalon.core.main.TestCaseExecutor.runScript(TestCaseExecutor.java:337)
	at com.kms.katalon.core.main.TestCaseExecutor.doExecute(TestCaseExecutor.java:328)
	at com.kms.katalon.core.main.TestCaseExecutor.processExecutionPhase(TestCaseExecutor.java:307)
	at com.kms.katalon.core.main.TestCaseExecutor.accessMainPhase(TestCaseExecutor.java:299)
	at com.kms.katalon.core.main.TestCaseExecutor.execute(TestCaseExecutor.java:233)
	at com.kms.katalon.core.main.TestCaseMain.runTestCase(TestCaseMain.java:114)
	at com.kms.katalon.core.keyword.builtin.CallTestCaseKeyword$_callTestCase_closure1.doCall(CallTestCaseKeyword.groovy:59)
	at com.kms.katalon.core.keyword.builtin.CallTestCaseKeyword$_callTestCase_closure1.call(CallTestCaseKeyword.groovy)
	at com.kms.katalon.core.keyword.internal.KeywordMain.runKeyword(KeywordMain.groovy:68)
	at com.kms.katalon.core.keyword.builtin.CallTestCaseKeyword.callTestCase(CallTestCaseKeyword.groovy:81)
	at com.kms.katalon.core.keyword.builtin.CallTestCaseKeyword.execute(CallTestCaseKeyword.groovy:44)
	at com.kms.katalon.core.keyword.internal.KeywordExecutor.executeKeywordForPlatform(KeywordExecutor.groovy:72)
	at com.kms.katalon.core.keyword.BuiltinKeywords.callTestCase(BuiltinKeywords.groovy:334)
	at CDB_BM.run(CDB_BM:25)
	at com.kms.katalon.core.main.ScriptEngine.run(ScriptEngine.java:194)
	at com.kms.katalon.core.main.ScriptEngine.runScriptAsRawText(ScriptEngine.java:119)
	at com.kms.katalon.core.main.TestCaseExecutor.runScript(TestCaseExecutor.java:337)
	at com.kms.katalon.core.main.TestCaseExecutor.doExecute(TestCaseExecutor.java:328)
	at com.kms.katalon.core.main.TestCaseExecutor.processExecutionPhase(TestCaseExecutor.java:307)
	at com.kms.katalon.core.main.TestCaseExecutor.accessMainPhase(TestCaseExecutor.java:299)
	at com.kms.katalon.core.main.TestCaseExecutor.execute(TestCaseExecutor.java:233)
	at com.kms.katalon.core.main.TestCaseMain.runTestCase(TestCaseMain.java:114)
	at com.kms.katalon.core.keyword.builtin.CallTestCaseKeyword$_callTestCase_closure1.doCall(CallTestCaseKeyword.groovy:59)
	at com.kms.katalon.core.keyword.builtin.CallTestCaseKeyword$_callTestCase_closure1.call(CallTestCaseKeyword.groovy)
	at com.kms.katalon.core.keyword.internal.KeywordMain.runKeyword(KeywordMain.groovy:68)
	at com.kms.katalon.core.keyword.builtin.CallTestCaseKeyword.callTestCase(CallTestCaseKeyword.groovy:81)
	at com.kms.katalon.core.keyword.builtin.CallTestCaseKeyword.execute(CallTestCaseKeyword.groovy:44)
	at com.kms.katalon.core.keyword.internal.KeywordExecutor.executeKeywordForPlatform(KeywordExecutor.groovy:72)
	at com.kms.katalon.core.keyword.BuiltinKeywords.callTestCase(BuiltinKeywords.groovy:334)
	at FullScenarioCDBv2.run(FullScenarioCDBv2:47)
	at com.kms.katalon.core.main.ScriptEngine.run(ScriptEngine.java:194)
	at com.kms.katalon.core.main.ScriptEngine.runScriptAsRawText(ScriptEngine.java:119)
	at com.kms.katalon.core.main.TestCaseExecutor.runScript(TestCaseExecutor.java:337)
	at com.kms.katalon.core.main.TestCaseExecutor.doExecute(TestCaseExecutor.java:328)
	at com.kms.katalon.core.main.TestCaseExecutor.processExecutionPhase(TestCaseExecutor.java:307)
	at com.kms.katalon.core.main.TestCaseExecutor.accessMainPhase(TestCaseExecutor.java:299)
	at com.kms.katalon.core.main.TestCaseExecutor.execute(TestCaseExecutor.java:233)
	at com.kms.katalon.core.main.TestSuiteExecutor.accessTestCaseMainPhase(TestSuiteExecutor.java:169)
	at com.kms.katalon.core.main.TestSuiteExecutor.accessTestSuiteMainPhase(TestSuiteExecutor.java:142)
	at com.kms.katalon.core.main.TestSuiteExecutor.execute(TestSuiteExecutor.java:91)
	at com.kms.katalon.core.main.TestCaseMain.startTestSuite(TestCaseMain.java:157)
	at com.kms.katalon.core.main.TestCaseMain$startTestSuite$0.call(Unknown Source)
	at TempTestSuite1583833428733.run(TempTestSuite1583833428733.groovy:36)
)

2020-03-10 16:54:16 - [TEST_STEP][PASSED] - waitForElementPresent(findTestObject("CDB/Personal/Page_HomeTask_CDBPersonal/task_table_customer"), wait_long_time, STOP_ON_FAILURE): Object 'Object Repository/CDB/Personal/Page_HomeTask_CDBPersonal/task_table_customer' is present

2020-03-10 16:54:17 - [MESSAGE][PASSED] - Object 'Object Repository/CDB/Personal/Page_HomeTask_CDBPersonal/task_table_customer' is present

2020-03-10 16:54:17 - [TEST_STEP][PASSED] - driver = getWebDriver(): null

2020-03-10 16:54:17 - [TEST_STEP][PASSED] - Table = driver.findElement(By.xpath("//*[@id="frmMain:dtCifPersonal:tb"]")): null

2020-03-10 16:54:17 - [TEST_STEP][PASSED] - Rows = Table.findElements(By.tagName("tr")): null

2020-03-10 16:54:17 - [TEST_STEP][PASSED] - println("No. of rows: " + Rows.size()): null

2020-03-10 16:54:17 - [TEST_STEP][PASSED] - CustomerFounded = false: null

2020-03-10 16:54:17 - [TEST_STEP][PASSED] - for ([i = 0, i < Rows.size(), (i++)]): null

2020-03-10 16:54:17 - [TEST_STEP][PASSED] - Cols = get(i).findElements(By.tagName("td")): null

2020-03-10 16:54:17 - [TEST_STEP][PASSED] - if (getText().equalsIgnoreCase(CustomerName)): null

2020-03-10 16:54:17 - [TEST_STEP][PASSED] - tagName("a")).click(): null

2020-03-10 16:54:23 - [TEST_STEP][PASSED] - CustomerFounded = true: null

2020-03-10 16:54:23 - [TEST_STEP][PASSED] - break: null

2020-03-10 16:54:23 - [TEST_STEP][PASSED] - if (CustomerFounded == false): null

2020-03-10 16:54:23 - [TEST_STEP][PASSED] - delay(wait_long_time): Delayed 10 second(s)

2020-03-10 16:54:33 - [MESSAGE][PASSED] - Delayed 10 second(s)

2020-03-10 16:54:33 - [MESSAGE][PASSED] - Call Test Case 'Test Cases/CDB/HomeTaskCDB/TaskPanelCdbPersonal' successfully

2020-03-10 16:54:33 - [MESSAGE][PASSED] - Call Test Case 'Test Cases/CDB/HomeTaskCDB/HomeTaskImproved' successfully

2020-03-10 16:54:33 - [TEST_STEP][PASSED] - callTestCase(findTestCase("CDB/FloatingButton/ButtonApprove"), [:], STOP_ON_FAILURE): Call Test Case 'Test Cases/CDB/FloatingButton/ButtonApprove' successfully

2020-03-10 16:54:33 - [TEST_CASE][PASSED] - Test Cases/CDB/FloatingButton/ButtonApprove: Test Cases/CDB/FloatingButton/ButtonApprove

2020-03-10 16:54:33 - [TEST_STEP][PASSED] - waitForElementPresent(findTestObject("CDB/Personal/Page_FormCDBPersonal/input_frmMainbtnA_wfApprove"), wait_long_time): Object 'Object Repository/CDB/Personal/Page_FormCDBPersonal/input_frmMainbtnA_wfApprove' is present

2020-03-10 16:54:33 - [MESSAGE][PASSED] - Object 'Object Repository/CDB/Personal/Page_FormCDBPersonal/input_frmMainbtnA_wfApprove' is present

2020-03-10 16:54:33 - [TEST_STEP][PASSED] - waitForElementClickable(findTestObject("CDB/Personal/Page_FormCDBPersonal/input_frmMainbtnA_wfApprove"), wait_long_time): Object 'Object Repository/CDB/Personal/Page_FormCDBPersonal/input_frmMainbtnA_wfApprove' is clickable

2020-03-10 16:54:34 - [MESSAGE][PASSED] - Object 'Object Repository/CDB/Personal/Page_FormCDBPersonal/input_frmMainbtnA_wfApprove' is clickable

2020-03-10 16:54:34 - [TEST_STEP][PASSED] - customKeywords.CustomKeywordJS.clickUsingJS(findTestObject("CDB/Personal/Page_FormCDBPersonal/input_frmMainbtnA_wfApprove"), wait_js_long_time): customKeywords.CustomKeywordJS.clickUsingJS is PASSED

2020-03-10 16:54:34 - [MESSAGE][PASSED] - customKeywords.CustomKeywordJS.clickUsingJS is PASSED

2020-03-10 16:54:34 - [TEST_STEP][PASSED] - acceptAlert(): Alert accepted

2020-03-10 16:54:34 - [MESSAGE][PASSED] - Alert accepted

2020-03-10 16:54:34 - [TEST_STEP][PASSED] - waitForElementNotPresent(findTestObject("CDB/Personal/Page_FormCDBPersonal/input_frmMainbtnA_wfApprove"), wait_js_long_time): Web element with id: 'Object Repository/CDB/Personal/Page_FormCDBPersonal/input_frmMainbtnA_wfApprove' located by 'By.xpath: //*[@id="frmMain:btnA_wfApproveSaveFirstExec"]' is not present after '30' second(s)

2020-03-10 16:55:02 - [MESSAGE][PASSED] - Web element with id: 'Object Repository/CDB/Personal/Page_FormCDBPersonal/input_frmMainbtnA_wfApprove' located by 'By.xpath: //*[@id="frmMain:btnA_wfApproveSaveFirstExec"]' is not present after '30' second(s)

2020-03-10 16:55:02 - [MESSAGE][PASSED] - Call Test Case 'Test Cases/CDB/FloatingButton/ButtonApprove' successfully

2020-03-10 16:55:02 - [TEST_STEP][NOT_RUN] - callTestCase(findTestCase("LoginLogout/Logout"), ["isCloseBrowser":true], STOP_ON_FAILURE): NOT_RUN: callTestCase(findTestCase("LoginLogout/Logout"), ["isCloseBrowser":true], STOP_ON_FAILURE)

2020-03-10 16:55:02 - [MESSAGE][NOT_RUN] - NOT_RUN: callTestCase(findTestCase("LoginLogout/Logout"), ["isCloseBrowser":true], STOP_ON_FAILURE)

2020-03-10 16:55:02 - [MESSAGE][PASSED] - Call Test Case 'Test Cases/CDB/MainTestCase/CDB_BM' successfully

2020-03-10 16:55:02 - [TEST_STEP][PASSED] - callTestCase(findTestCase("LoginLogout/Logout"), ["isCloseBrowser":true], STOP_ON_FAILURE): Call Test Case 'Test Cases/LoginLogout/Logout' successfully

2020-03-10 16:55:02 - [TEST_CASE][PASSED] - Test Cases/LoginLogout/Logout: Test Cases/LoginLogout/Logout

2020-03-10 16:55:02 - [TEST_STEP][PASSED] - waitForPageLoad(wait_long_time): Wait for page load successfully

2020-03-10 16:55:02 - [MESSAGE][PASSED] - Wait for page load successfully

2020-03-10 16:55:02 - [TEST_STEP][PASSED] - delay(wait_short_time): Delayed 3 second(s)

2020-03-10 16:55:05 - [MESSAGE][PASSED] - Delayed 3 second(s)

2020-03-10 16:55:05 - [TEST_STEP][PASSED] - waitForElementVisible(findTestObject("LoginLogout/Page_ Logout/a_Logout"), wait_js_long_time): Object 'Object Repository/LoginLogout/Page_ Logout/a_Logout' is visible

2020-03-10 16:55:06 - [MESSAGE][PASSED] - Object 'Object Repository/LoginLogout/Page_ Logout/a_Logout' is visible

2020-03-10 16:55:06 - [TEST_STEP][PASSED] - customKeywords.CustomKeywordJS.clickUsingJS(findTestObject("LoginLogout/Page_ Logout/a_Logout"), wait_js_long_time): customKeywords.CustomKeywordJS.clickUsingJS is PASSED

2020-03-10 16:55:06 - [MESSAGE][PASSED] - customKeywords.CustomKeywordJS.clickUsingJS is PASSED

2020-03-10 16:55:06 - [MESSAGE][PASSED] - Call Test Case 'Test Cases/LoginLogout/Logout' successfully]]></system-out>
         <system-err><![CDATA[]]></system-err>
      </testcase>
      <system-out><![CDATA[2020-03-10 16:43:57 - [TEST_SUITE][PASSED] - CDBFull_01: Test Cases/CDB/MainTestCase/FullScenarioCDBv2]]></system-out>
      <system-err><![CDATA[]]></system-err>
   </testsuite>
</testsuites>
